<?xml version="1.0" encoding="UTF-8"?>
<testsuites name="Run all test cases" time="2817" tests="49" failures="13" errors="0">
   <testsuite name="Run all test cases" tests="49" failures="13" errors="0" time="2817" timestamp="2019-05-23 10:09:39" hostname="MinhCuong - 192.168.112.29" id="Test Suites/Run all test cases">
      <properties>
[...]
</properties>
      <testcase name="Test Cases/5 Test case using For/Login - Logout" classname="Test Cases/5 Test case using For/Login - Logout" status="PASSED">
         <system-out><![CDATA[2019-05-23 10:09:39 - [TEST_CASE][PASSED] - Test Cases/5 Test case using For/Login - Logout: Test Cases/5 Test case using For/Login - Logout

2019-05-23 10:09:40 - [TEST_STEP][PASSED] - openBrowser(""): Browser is opened with url: ''

2019-05-23 10:09:40 - [MESSAGE][INFO] - Starting 'Firefox' driver

2019-05-23 10:09:40 - [MESSAGE][INFO] - Action delay is set to 0 seconds

2019-05-23 10:09:45 - [MESSAGE][PASSED] - Browser is opened with url: ''

2019-05-23 10:09:45 - [TEST_STEP][PASSED] - navigateToUrl("http://127.0.0.1:3000/"): Navigate to 'http://127.0.0.1:3000/' successfully

2019-05-23 10:09:47 - [MESSAGE][PASSED] - Navigate to 'http://127.0.0.1:3000/' successfully

2019-05-23 10:09:47 - [TEST_STEP][PASSED] - click(findTestObject("Object Repository/Page_Spectrum/button_Log in or sign up")): Object: 'Object Repository/Page_Spectrum/button_Log in or sign up' is clicked on

2019-05-23 10:09:52 - [MESSAGE][PASSED] - Object: 'Object Repository/Page_Spectrum/button_Log in or sign up' is clicked on

2019-05-23 10:09:52 - [TEST_STEP][PASSED] - click(findTestObject("Object Repository/Page_Spectrum/span_Sign in with GitHub")): Object: 'Object Repository/Page_Spectrum/span_Sign in with GitHub' is clicked on

2019-05-23 10:10:06 - [MESSAGE][PASSED] - Object: 'Object Repository/Page_Spectrum/span_Sign in with GitHub' is clicked on

2019-05-23 10:10:06 - [TEST_STEP][PASSED] - setText(findTestObject("Object Repository/Page_Sign in to GitHub  GitHub/input_Username or email address_login"), "minhcuongit"): Text 'minhcuongit' is set on object 'Object Repository/Page_Sign in to GitHub  GitHub/input_Username or email address_login'

2019-05-23 10:10:06 - [MESSAGE][PASSED] - Text 'minhcuongit' is set on object 'Object Repository/Page_Sign in to GitHub  GitHub/input_Username or email address_login'

2019-05-23 10:10:06 - [TEST_STEP][PASSED] - setEncryptedText(findTestObject("Object Repository/Page_Sign in to GitHub  GitHub/input_Forgot password_password"), "9e5/e4jZbrkRPxL/am/6uYGu2iBUrIMS"): Text ****** has been set on object 'Object Repository/Page_Sign in to GitHub  GitHub/input_Forgot password_password'

2019-05-23 10:10:06 - [MESSAGE][PASSED] - Text ****** has been set on object 'Object Repository/Page_Sign in to GitHub  GitHub/input_Forgot password_password'

2019-05-23 10:10:06 - [TEST_STEP][PASSED] - click(findTestObject("Object Repository/Page_Sign in to GitHub  GitHub/input_Forgot password_commit")): Object: 'Object Repository/Page_Sign in to GitHub  GitHub/input_Forgot password_commit' is clicked on

2019-05-23 10:10:11 - [MESSAGE][PASSED] - Object: 'Object Repository/Page_Sign in to GitHub  GitHub/input_Forgot password_commit' is clicked on

2019-05-23 10:10:11 - [TEST_STEP][PASSED] - click(findTestObject("Object Repository/Page_Spectrum community/img_Explore_style__Img-u3znqr-3 kJsvJN")): Object: 'Object Repository/Page_Spectrum community/img_Explore_style__Img-u3znqr-3 kJsvJN' is clicked on

2019-05-23 10:10:17 - [MESSAGE][PASSED] - Object: 'Object Repository/Page_Spectrum community/img_Explore_style__Img-u3znqr-3 kJsvJN' is clicked on

2019-05-23 10:10:17 - [TEST_STEP][PASSED] - click(findTestObject("Object Repository/Page_TRN MINH CNG  tranminhcuong/button_Settings")): Object: 'Object Repository/Page_TRN MINH CNG  tranminhcuong/button_Settings' is clicked on

2019-05-23 10:10:18 - [MESSAGE][PASSED] - Object: 'Object Repository/Page_TRN MINH CNG  tranminhcuong/button_Settings' is clicked on

2019-05-23 10:10:18 - [TEST_STEP][PASSED] - click(findTestObject("Object Repository/Page_My settings/button_Log out")): Object: 'Object Repository/Page_My settings/button_Log out' is clicked on

2019-05-23 10:10:19 - [MESSAGE][PASSED] - Object: 'Object Repository/Page_My settings/button_Log out' is clicked on

2019-05-23 10:10:19 - [TEST_STEP][PASSED] - for ([i = 1, i <= 5, (i++)]): Object: 'Object Repository/Page_My settings/button_Log out' is clicked on

2019-05-23 10:10:19 - [TEST_STEP][PASSED] - click(findTestObject("Object Repository/Page_Spectrum/button_Log in or sign up")): Object: 'Object Repository/Page_Spectrum/button_Log in or sign up' is clicked on

2019-05-23 10:10:21 - [MESSAGE][PASSED] - Object: 'Object Repository/Page_Spectrum/button_Log in or sign up' is clicked on

2019-05-23 10:10:21 - [TEST_STEP][PASSED] - click(findTestObject("Object Repository/Page_Spectrum/span_Sign in with GitHub")): Object: 'Object Repository/Page_Spectrum/span_Sign in with GitHub' is clicked on

2019-05-23 10:10:25 - [MESSAGE][PASSED] - Object: 'Object Repository/Page_Spectrum/span_Sign in with GitHub' is clicked on

2019-05-23 10:10:25 - [TEST_STEP][PASSED] - click(findTestObject("Object Repository/Page_Spectrum community/img_Explore_style__Img-u3znqr-3 kJsvJN")): Object: 'Object Repository/Page_Spectrum community/img_Explore_style__Img-u3znqr-3 kJsvJN' is clicked on

2019-05-23 10:10:29 - [MESSAGE][PASSED] - Object: 'Object Repository/Page_Spectrum community/img_Explore_style__Img-u3znqr-3 kJsvJN' is clicked on

2019-05-23 10:10:29 - [TEST_STEP][PASSED] - click(findTestObject("Object Repository/Page_TRN MINH CNG  tranminhcuong/button_Settings")): Object: 'Object Repository/Page_TRN MINH CNG  tranminhcuong/button_Settings' is clicked on

2019-05-23 10:10:30 - [MESSAGE][PASSED] - Object: 'Object Repository/Page_TRN MINH CNG  tranminhcuong/button_Settings' is clicked on

2019-05-23 10:10:30 - [TEST_STEP][PASSED] - click(findTestObject("Object Repository/Page_My settings/button_Log out")): Object: 'Object Repository/Page_My settings/button_Log out' is clicked on

2019-05-23 10:10:31 - [MESSAGE][PASSED] - Object: 'Object Repository/Page_My settings/button_Log out' is clicked on

2019-05-23 10:10:31 - [TEST_STEP][PASSED] - click(findTestObject("Object Repository/Page_Spectrum/button_Log in or sign up")): Object: 'Object Repository/Page_Spectrum/button_Log in or sign up' is clicked on

2019-05-23 10:10:34 - [MESSAGE][PASSED] - Object: 'Object Repository/Page_Spectrum/button_Log in or sign up' is clicked on

2019-05-23 10:10:34 - [TEST_STEP][PASSED] - click(findTestObject("Object Repository/Page_Spectrum/span_Sign in with GitHub")): Object: 'Object Repository/Page_Spectrum/span_Sign in with GitHub' is clicked on

2019-05-23 10:10:39 - [MESSAGE][PASSED] - Object: 'Object Repository/Page_Spectrum/span_Sign in with GitHub' is clicked on

2019-05-23 10:10:39 - [TEST_STEP][PASSED] - click(findTestObject("Object Repository/Page_Spectrum community/img_Explore_style__Img-u3znqr-3 kJsvJN")): Object: 'Object Repository/Page_Spectrum community/img_Explore_style__Img-u3znqr-3 kJsvJN' is clicked on

2019-05-23 10:10:45 - [MESSAGE][PASSED] - Object: 'Object Repository/Page_Spectrum community/img_Explore_style__Img-u3znqr-3 kJsvJN' is clicked on

2019-05-23 10:10:45 - [TEST_STEP][PASSED] - click(findTestObject("Object Repository/Page_TRN MINH CNG  tranminhcuong/button_Settings")): Object: 'Object Repository/Page_TRN MINH CNG  tranminhcuong/button_Settings' is clicked on

2019-05-23 10:10:49 - [MESSAGE][PASSED] - Object: 'Object Repository/Page_TRN MINH CNG  tranminhcuong/button_Settings' is clicked on

2019-05-23 10:10:49 - [TEST_STEP][PASSED] - click(findTestObject("Object Repository/Page_My settings/button_Log out")): Object: 'Object Repository/Page_My settings/button_Log out' is clicked on

2019-05-23 10:10:50 - [MESSAGE][PASSED] - Object: 'Object Repository/Page_My settings/button_Log out' is clicked on

2019-05-23 10:10:50 - [TEST_STEP][PASSED] - click(findTestObject("Object Repository/Page_Spectrum/button_Log in or sign up")): Object: 'Object Repository/Page_Spectrum/button_Log in or sign up' is clicked on

2019-05-23 10:10:52 - [MESSAGE][PASSED] - Object: 'Object Repository/Page_Spectrum/button_Log in or sign up' is clicked on

2019-05-23 10:10:52 - [TEST_STEP][PASSED] - click(findTestObject("Object Repository/Page_Spectrum/span_Sign in with GitHub")): Object: 'Object Repository/Page_Spectrum/span_Sign in with GitHub' is clicked on

2019-05-23 10:10:56 - [MESSAGE][PASSED] - Object: 'Object Repository/Page_Spectrum/span_Sign in with GitHub' is clicked on

2019-05-23 10:10:56 - [TEST_STEP][PASSED] - click(findTestObject("Object Repository/Page_Spectrum community/img_Explore_style__Img-u3znqr-3 kJsvJN")): Object: 'Object Repository/Page_Spectrum community/img_Explore_style__Img-u3znqr-3 kJsvJN' is clicked on

2019-05-23 10:11:01 - [MESSAGE][PASSED] - Object: 'Object Repository/Page_Spectrum community/img_Explore_style__Img-u3znqr-3 kJsvJN' is clicked on

2019-05-23 10:11:01 - [TEST_STEP][PASSED] - click(findTestObject("Object Repository/Page_TRN MINH CNG  tranminhcuong/button_Settings")): Object: 'Object Repository/Page_TRN MINH CNG  tranminhcuong/button_Settings' is clicked on

2019-05-23 10:11:03 - [MESSAGE][PASSED] - Object: 'Object Repository/Page_TRN MINH CNG  tranminhcuong/button_Settings' is clicked on

2019-05-23 10:11:03 - [TEST_STEP][PASSED] - click(findTestObject("Object Repository/Page_My settings/button_Log out")): Object: 'Object Repository/Page_My settings/button_Log out' is clicked on

2019-05-23 10:11:05 - [MESSAGE][PASSED] - Object: 'Object Repository/Page_My settings/button_Log out' is clicked on

2019-05-23 10:11:05 - [TEST_STEP][PASSED] - click(findTestObject("Object Repository/Page_Spectrum/button_Log in or sign up")): Object: 'Object Repository/Page_Spectrum/button_Log in or sign up' is clicked on

2019-05-23 10:11:07 - [MESSAGE][PASSED] - Object: 'Object Repository/Page_Spectrum/button_Log in or sign up' is clicked on

2019-05-23 10:11:07 - [TEST_STEP][PASSED] - click(findTestObject("Object Repository/Page_Spectrum/span_Sign in with GitHub")): Object: 'Object Repository/Page_Spectrum/span_Sign in with GitHub' is clicked on

2019-05-23 10:11:10 - [MESSAGE][PASSED] - Object: 'Object Repository/Page_Spectrum/span_Sign in with GitHub' is clicked on

2019-05-23 10:11:10 - [TEST_STEP][PASSED] - click(findTestObject("Object Repository/Page_Spectrum community/img_Explore_style__Img-u3znqr-3 kJsvJN")): Object: 'Object Repository/Page_Spectrum community/img_Explore_style__Img-u3znqr-3 kJsvJN' is clicked on

2019-05-23 10:11:15 - [MESSAGE][PASSED] - Object: 'Object Repository/Page_Spectrum community/img_Explore_style__Img-u3znqr-3 kJsvJN' is clicked on

2019-05-23 10:11:15 - [TEST_STEP][PASSED] - click(findTestObject("Object Repository/Page_TRN MINH CNG  tranminhcuong/button_Settings")): Object: 'Object Repository/Page_TRN MINH CNG  tranminhcuong/button_Settings' is clicked on

2019-05-23 10:11:16 - [MESSAGE][PASSED] - Object: 'Object Repository/Page_TRN MINH CNG  tranminhcuong/button_Settings' is clicked on

2019-05-23 10:11:16 - [TEST_STEP][PASSED] - click(findTestObject("Object Repository/Page_My settings/button_Log out")): Object: 'Object Repository/Page_My settings/button_Log out' is clicked on

2019-05-23 10:11:18 - [MESSAGE][PASSED] - Object: 'Object Repository/Page_My settings/button_Log out' is clicked on

2019-05-23 10:11:18 - [TEST_STEP][PASSED] - click(findTestObject("Object Repository/Page_Spectrum/button_Log in or sign up")): Object: 'Object Repository/Page_Spectrum/button_Log in or sign up' is clicked on

2019-05-23 10:11:20 - [MESSAGE][PASSED] - Object: 'Object Repository/Page_Spectrum/button_Log in or sign up' is clicked on

2019-05-23 10:11:20 - [TEST_STEP][PASSED] - click(findTestObject("Object Repository/Page_Spectrum/span_Sign in with GitHub")): Object: 'Object Repository/Page_Spectrum/span_Sign in with GitHub' is clicked on

2019-05-23 10:11:24 - [MESSAGE][PASSED] - Object: 'Object Repository/Page_Spectrum/span_Sign in with GitHub' is clicked on

2019-05-23 10:11:24 - [TEST_STEP][PASSED] - click(findTestObject("Object Repository/Page_Spectrum community/img_Explore_style__Img-u3znqr-3 kJsvJN")): Object: 'Object Repository/Page_Spectrum community/img_Explore_style__Img-u3znqr-3 kJsvJN' is clicked on

2019-05-23 10:11:29 - [MESSAGE][PASSED] - Object: 'Object Repository/Page_Spectrum community/img_Explore_style__Img-u3znqr-3 kJsvJN' is clicked on

2019-05-23 10:11:29 - [TEST_STEP][PASSED] - click(findTestObject("Object Repository/Page_TRN MINH CNG  tranminhcuong/button_Settings")): Object: 'Object Repository/Page_TRN MINH CNG  tranminhcuong/button_Settings' is clicked on

2019-05-23 10:11:30 - [MESSAGE][PASSED] - Object: 'Object Repository/Page_TRN MINH CNG  tranminhcuong/button_Settings' is clicked on

2019-05-23 10:11:30 - [TEST_STEP][PASSED] - click(findTestObject("Object Repository/Page_My settings/button_Log out")): Object: 'Object Repository/Page_My settings/button_Log out' is clicked on

2019-05-23 10:11:32 - [MESSAGE][PASSED] - Object: 'Object Repository/Page_My settings/button_Log out' is clicked on

2019-05-23 10:11:32 - [TEST_STEP][PASSED] - closeBrowser(): Browser is closed

2019-05-23 10:11:33 - [MESSAGE][PASSED] - Browser is closed]]></system-out>
         <system-err><![CDATA[]]></system-err>
      </testcase>
      <testcase name="Test Cases/5 Test case using If/Leave Spectrum Comunity Using If" classname="Test Cases/5 Test case using If/Leave Spectrum Comunity Using If" status="PASSED">
         <system-out><![CDATA[2019-05-23 10:11:34 - [TEST_CASE][PASSED] - Test Cases/5 Test case using If/Leave Spectrum Comunity Using If: Test Cases/5 Test case using If/Leave Spectrum Comunity Using If

2019-05-23 10:11:34 - [TEST_STEP][PASSED] - openBrowser(""): Browser is opened with url: ''

2019-05-23 10:11:34 - [MESSAGE][INFO] - Starting 'Firefox' driver

2019-05-23 10:11:38 - [MESSAGE][PASSED] - Browser is opened with url: ''

2019-05-23 10:11:38 - [TEST_STEP][PASSED] - navigateToUrl("http://127.0.0.1:3000/"): Navigate to 'http://127.0.0.1:3000/' successfully

2019-05-23 10:11:40 - [MESSAGE][PASSED] - Navigate to 'http://127.0.0.1:3000/' successfully

2019-05-23 10:11:40 - [TEST_STEP][PASSED] - click(findTestObject("Page_Spectrum/button_Log in or sign up")): Object: 'Object Repository/Page_Spectrum/button_Log in or sign up' is clicked on

2019-05-23 10:11:47 - [MESSAGE][PASSED] - Object: 'Object Repository/Page_Spectrum/button_Log in or sign up' is clicked on

2019-05-23 10:11:47 - [TEST_STEP][PASSED] - click(findTestObject("Page_Spectrum/span_Sign in with GitHub")): Object: 'Object Repository/Page_Spectrum/span_Sign in with GitHub' is clicked on

2019-05-23 10:12:01 - [MESSAGE][PASSED] - Object: 'Object Repository/Page_Spectrum/span_Sign in with GitHub' is clicked on

2019-05-23 10:12:01 - [TEST_STEP][PASSED] - setText(findTestObject("Page_Sign in to GitHub  GitHub/input_Username or email address_login"), "minhcuongit"): Text 'minhcuongit' is set on object 'Object Repository/Page_Sign in to GitHub  GitHub/input_Username or email address_login'

2019-05-23 10:12:01 - [MESSAGE][PASSED] - Text 'minhcuongit' is set on object 'Object Repository/Page_Sign in to GitHub  GitHub/input_Username or email address_login'

2019-05-23 10:12:01 - [TEST_STEP][PASSED] - setEncryptedText(findTestObject("Page_Sign in to GitHub  GitHub/input_Forgot password_password"), "9e5/e4jZbrkRPxL/am/6uYGu2iBUrIMS"): Text ****** has been set on object 'Object Repository/Page_Sign in to GitHub  GitHub/input_Forgot password_password'

2019-05-23 10:12:01 - [MESSAGE][PASSED] - Text ****** has been set on object 'Object Repository/Page_Sign in to GitHub  GitHub/input_Forgot password_password'

2019-05-23 10:12:01 - [TEST_STEP][PASSED] - click(findTestObject("Page_Sign in to GitHub  GitHub/input_Forgot password_commit")): Object: 'Object Repository/Page_Sign in to GitHub  GitHub/input_Forgot password_commit' is clicked on

2019-05-23 10:12:07 - [MESSAGE][PASSED] - Object: 'Object Repository/Page_Sign in to GitHub  GitHub/input_Forgot password_commit' is clicked on

2019-05-23 10:12:07 - [TEST_STEP][PASSED] - navigateToUrl("http://localhost:3000/explore"): Navigate to 'http://localhost:3000/explore' successfully

2019-05-23 10:12:10 - [MESSAGE][PASSED] - Navigate to 'http://localhost:3000/explore' successfully

2019-05-23 10:12:10 - [TEST_STEP][PASSED] - if (verifyElementNotPresent(findTestObject("Object Repository/Page_Explore/button_Leave community_Ok"), 25, OPTIONAL) == true): You was not join in this community!

2019-05-23 10:12:11 - [MESSAGE][PASSED] - Web element with id: 'Object Repository/Page_Explore/button_Leave community_Ok' located by 'By.xpath: id("main")/div[@class="view__ChartGrid-sc-12swjr9-0 fyLzUC"]/div[@class="style__Collections-sc-839mu6-34 jWcRsz"]/div[@class="style__CollectionWrapper-sc-839mu6-35 jDQNvP"]/div[1]/div[@class="globals__FlexCol-sc-1izft7s-15 style__ListWithTitle-sc-839mu6-30 gAPDWa"]/div[@class="globals__FlexRow-sc-1izft7s-14 style__ListWrapper-sc-839mu6-32 hJkIIp"]/section[@class="style__ProfileCardWrapper-sc-839mu6-37 hCqkju"]/div[@class="style__ProfileContainer-sc-1glfqlb-0 dawKyj"]/div[@class="style__ActionsRowContainer-sc-1glfqlb-4 iLxJmN"]/button[@class="style__StyledButton-sc-1g5bc3a-2 style__StyledOutlineButton-sc-1g5bc3a-7 ezARMi"][count(. | //button[@data-cy = 'leave-community-button']) = count(//button[@data-cy = 'leave-community-button'])]' is not present after '25' second(s)

2019-05-23 10:12:11 - [TEST_STEP][PASSED] - comment("You was not join in this community!"): You was not join in this community!

2019-05-23 10:12:11 - [MESSAGE][INFO] - You was not join in this community!]]></system-out>
         <system-err><![CDATA[]]></system-err>
      </testcase>
      <testcase name="Test Cases/5 Test case using For/Login - Logout" classname="Test Cases/5 Test case using For/Login - Logout" status="PASSED">
         <system-out><![CDATA[2019-05-23 10:12:11 - [TEST_CASE][PASSED] - Test Cases/5 Test case using For/Login - Logout: Test Cases/5 Test case using For/Login - Logout

2019-05-23 10:12:11 - [TEST_STEP][PASSED] - openBrowser(""): Browser is opened with url: ''

2019-05-23 10:12:11 - [MESSAGE][WARNING] - A browser is already opened. Closing browser and opening a new one

2019-05-23 10:12:12 - [MESSAGE][INFO] - Starting 'Firefox' driver

2019-05-23 10:12:15 - [MESSAGE][PASSED] - Browser is opened with url: ''

2019-05-23 10:12:15 - [TEST_STEP][PASSED] - navigateToUrl("http://127.0.0.1:3000/"): Navigate to 'http://127.0.0.1:3000/' successfully

2019-05-23 10:12:16 - [MESSAGE][PASSED] - Navigate to 'http://127.0.0.1:3000/' successfully

2019-05-23 10:12:16 - [TEST_STEP][PASSED] - click(findTestObject("Object Repository/Page_Spectrum/button_Log in or sign up")): Object: 'Object Repository/Page_Spectrum/button_Log in or sign up' is clicked on

2019-05-23 10:12:30 - [MESSAGE][PASSED] - Object: 'Object Repository/Page_Spectrum/button_Log in or sign up' is clicked on

2019-05-23 10:12:30 - [TEST_STEP][PASSED] - click(findTestObject("Object Repository/Page_Spectrum/span_Sign in with GitHub")): Object: 'Object Repository/Page_Spectrum/span_Sign in with GitHub' is clicked on

2019-05-23 10:12:39 - [MESSAGE][PASSED] - Object: 'Object Repository/Page_Spectrum/span_Sign in with GitHub' is clicked on

2019-05-23 10:12:39 - [TEST_STEP][PASSED] - setText(findTestObject("Object Repository/Page_Sign in to GitHub  GitHub/input_Username or email address_login"), "minhcuongit"): Text 'minhcuongit' is set on object 'Object Repository/Page_Sign in to GitHub  GitHub/input_Username or email address_login'

2019-05-23 10:12:39 - [MESSAGE][PASSED] - Text 'minhcuongit' is set on object 'Object Repository/Page_Sign in to GitHub  GitHub/input_Username or email address_login'

2019-05-23 10:12:39 - [TEST_STEP][PASSED] - setEncryptedText(findTestObject("Object Repository/Page_Sign in to GitHub  GitHub/input_Forgot password_password"), "9e5/e4jZbrkRPxL/am/6uYGu2iBUrIMS"): Text ****** has been set on object 'Object Repository/Page_Sign in to GitHub  GitHub/input_Forgot password_password'

2019-05-23 10:12:39 - [MESSAGE][PASSED] - Text ****** has been set on object 'Object Repository/Page_Sign in to GitHub  GitHub/input_Forgot password_password'

2019-05-23 10:12:39 - [TEST_STEP][PASSED] - click(findTestObject("Object Repository/Page_Sign in to GitHub  GitHub/input_Forgot password_commit")): Object: 'Object Repository/Page_Sign in to GitHub  GitHub/input_Forgot password_commit' is clicked on

2019-05-23 10:12:44 - [MESSAGE][PASSED] - Object: 'Object Repository/Page_Sign in to GitHub  GitHub/input_Forgot password_commit' is clicked on

2019-05-23 10:12:44 - [TEST_STEP][PASSED] - click(findTestObject("Object Repository/Page_Spectrum community/img_Explore_style__Img-u3znqr-3 kJsvJN")): Object: 'Object Repository/Page_Spectrum community/img_Explore_style__Img-u3znqr-3 kJsvJN' is clicked on

2019-05-23 10:12:47 - [MESSAGE][PASSED] - Object: 'Object Repository/Page_Spectrum community/img_Explore_style__Img-u3znqr-3 kJsvJN' is clicked on

2019-05-23 10:12:47 - [TEST_STEP][PASSED] - click(findTestObject("Object Repository/Page_TRN MINH CNG  tranminhcuong/button_Settings")): Object: 'Object Repository/Page_TRN MINH CNG  tranminhcuong/button_Settings' is clicked on

2019-05-23 10:12:49 - [MESSAGE][PASSED] - Object: 'Object Repository/Page_TRN MINH CNG  tranminhcuong/button_Settings' is clicked on

2019-05-23 10:12:49 - [TEST_STEP][PASSED] - click(findTestObject("Object Repository/Page_My settings/button_Log out")): Object: 'Object Repository/Page_My settings/button_Log out' is clicked on

2019-05-23 10:12:51 - [MESSAGE][PASSED] - Object: 'Object Repository/Page_My settings/button_Log out' is clicked on

2019-05-23 10:12:51 - [TEST_STEP][PASSED] - for ([i = 1, i <= 5, (i++)]): Object: 'Object Repository/Page_My settings/button_Log out' is clicked on

2019-05-23 10:12:51 - [TEST_STEP][PASSED] - click(findTestObject("Object Repository/Page_Spectrum/button_Log in or sign up")): Object: 'Object Repository/Page_Spectrum/button_Log in or sign up' is clicked on

2019-05-23 10:12:53 - [MESSAGE][PASSED] - Object: 'Object Repository/Page_Spectrum/button_Log in or sign up' is clicked on

2019-05-23 10:12:53 - [TEST_STEP][PASSED] - click(findTestObject("Object Repository/Page_Spectrum/span_Sign in with GitHub")): Object: 'Object Repository/Page_Spectrum/span_Sign in with GitHub' is clicked on

2019-05-23 10:12:56 - [MESSAGE][PASSED] - Object: 'Object Repository/Page_Spectrum/span_Sign in with GitHub' is clicked on

2019-05-23 10:12:56 - [TEST_STEP][PASSED] - click(findTestObject("Object Repository/Page_Spectrum community/img_Explore_style__Img-u3znqr-3 kJsvJN")): Object: 'Object Repository/Page_Spectrum community/img_Explore_style__Img-u3znqr-3 kJsvJN' is clicked on

2019-05-23 10:13:01 - [MESSAGE][PASSED] - Object: 'Object Repository/Page_Spectrum community/img_Explore_style__Img-u3znqr-3 kJsvJN' is clicked on

2019-05-23 10:13:01 - [TEST_STEP][PASSED] - click(findTestObject("Object Repository/Page_TRN MINH CNG  tranminhcuong/button_Settings")): Object: 'Object Repository/Page_TRN MINH CNG  tranminhcuong/button_Settings' is clicked on

2019-05-23 10:13:01 - [MESSAGE][PASSED] - Object: 'Object Repository/Page_TRN MINH CNG  tranminhcuong/button_Settings' is clicked on

2019-05-23 10:13:01 - [TEST_STEP][PASSED] - click(findTestObject("Object Repository/Page_My settings/button_Log out")): Object: 'Object Repository/Page_My settings/button_Log out' is clicked on

2019-05-23 10:13:03 - [MESSAGE][PASSED] - Object: 'Object Repository/Page_My settings/button_Log out' is clicked on

2019-05-23 10:13:03 - [TEST_STEP][PASSED] - click(findTestObject("Object Repository/Page_Spectrum/button_Log in or sign up")): Object: 'Object Repository/Page_Spectrum/button_Log in or sign up' is clicked on

2019-05-23 10:13:05 - [MESSAGE][PASSED] - Object: 'Object Repository/Page_Spectrum/button_Log in or sign up' is clicked on

2019-05-23 10:13:05 - [TEST_STEP][PASSED] - click(findTestObject("Object Repository/Page_Spectrum/span_Sign in with GitHub")): Object: 'Object Repository/Page_Spectrum/span_Sign in with GitHub' is clicked on

2019-05-23 10:13:08 - [MESSAGE][PASSED] - Object: 'Object Repository/Page_Spectrum/span_Sign in with GitHub' is clicked on

2019-05-23 10:13:08 - [TEST_STEP][PASSED] - click(findTestObject("Object Repository/Page_Spectrum community/img_Explore_style__Img-u3znqr-3 kJsvJN")): Object: 'Object Repository/Page_Spectrum community/img_Explore_style__Img-u3znqr-3 kJsvJN' is clicked on

2019-05-23 10:13:13 - [MESSAGE][PASSED] - Object: 'Object Repository/Page_Spectrum community/img_Explore_style__Img-u3znqr-3 kJsvJN' is clicked on

2019-05-23 10:13:13 - [TEST_STEP][PASSED] - click(findTestObject("Object Repository/Page_TRN MINH CNG  tranminhcuong/button_Settings")): Object: 'Object Repository/Page_TRN MINH CNG  tranminhcuong/button_Settings' is clicked on

2019-05-23 10:13:14 - [MESSAGE][PASSED] - Object: 'Object Repository/Page_TRN MINH CNG  tranminhcuong/button_Settings' is clicked on

2019-05-23 10:13:14 - [TEST_STEP][PASSED] - click(findTestObject("Object Repository/Page_My settings/button_Log out")): Object: 'Object Repository/Page_My settings/button_Log out' is clicked on

2019-05-23 10:13:15 - [MESSAGE][PASSED] - Object: 'Object Repository/Page_My settings/button_Log out' is clicked on

2019-05-23 10:13:15 - [TEST_STEP][PASSED] - click(findTestObject("Object Repository/Page_Spectrum/button_Log in or sign up")): Object: 'Object Repository/Page_Spectrum/button_Log in or sign up' is clicked on

2019-05-23 10:13:17 - [MESSAGE][PASSED] - Object: 'Object Repository/Page_Spectrum/button_Log in or sign up' is clicked on

2019-05-23 10:13:17 - [TEST_STEP][PASSED] - click(findTestObject("Object Repository/Page_Spectrum/span_Sign in with GitHub")): Object: 'Object Repository/Page_Spectrum/span_Sign in with GitHub' is clicked on

2019-05-23 10:13:21 - [MESSAGE][PASSED] - Object: 'Object Repository/Page_Spectrum/span_Sign in with GitHub' is clicked on

2019-05-23 10:13:21 - [TEST_STEP][PASSED] - click(findTestObject("Object Repository/Page_Spectrum community/img_Explore_style__Img-u3znqr-3 kJsvJN")): Object: 'Object Repository/Page_Spectrum community/img_Explore_style__Img-u3znqr-3 kJsvJN' is clicked on

2019-05-23 10:13:26 - [MESSAGE][PASSED] - Object: 'Object Repository/Page_Spectrum community/img_Explore_style__Img-u3znqr-3 kJsvJN' is clicked on

2019-05-23 10:13:26 - [TEST_STEP][PASSED] - click(findTestObject("Object Repository/Page_TRN MINH CNG  tranminhcuong/button_Settings")): Object: 'Object Repository/Page_TRN MINH CNG  tranminhcuong/button_Settings' is clicked on

2019-05-23 10:13:27 - [MESSAGE][PASSED] - Object: 'Object Repository/Page_TRN MINH CNG  tranminhcuong/button_Settings' is clicked on

2019-05-23 10:13:27 - [TEST_STEP][PASSED] - click(findTestObject("Object Repository/Page_My settings/button_Log out")): Object: 'Object Repository/Page_My settings/button_Log out' is clicked on

2019-05-23 10:13:28 - [MESSAGE][PASSED] - Object: 'Object Repository/Page_My settings/button_Log out' is clicked on

2019-05-23 10:13:28 - [TEST_STEP][PASSED] - click(findTestObject("Object Repository/Page_Spectrum/button_Log in or sign up")): Object: 'Object Repository/Page_Spectrum/button_Log in or sign up' is clicked on

2019-05-23 10:13:30 - [MESSAGE][PASSED] - Object: 'Object Repository/Page_Spectrum/button_Log in or sign up' is clicked on

2019-05-23 10:13:30 - [TEST_STEP][PASSED] - click(findTestObject("Object Repository/Page_Spectrum/span_Sign in with GitHub")): Object: 'Object Repository/Page_Spectrum/span_Sign in with GitHub' is clicked on

2019-05-23 10:13:33 - [MESSAGE][PASSED] - Object: 'Object Repository/Page_Spectrum/span_Sign in with GitHub' is clicked on

2019-05-23 10:13:33 - [TEST_STEP][PASSED] - click(findTestObject("Object Repository/Page_Spectrum community/img_Explore_style__Img-u3znqr-3 kJsvJN")): Object: 'Object Repository/Page_Spectrum community/img_Explore_style__Img-u3znqr-3 kJsvJN' is clicked on

2019-05-23 10:13:38 - [MESSAGE][PASSED] - Object: 'Object Repository/Page_Spectrum community/img_Explore_style__Img-u3znqr-3 kJsvJN' is clicked on

2019-05-23 10:13:38 - [TEST_STEP][PASSED] - click(findTestObject("Object Repository/Page_TRN MINH CNG  tranminhcuong/button_Settings")): Object: 'Object Repository/Page_TRN MINH CNG  tranminhcuong/button_Settings' is clicked on

2019-05-23 10:13:39 - [MESSAGE][PASSED] - Object: 'Object Repository/Page_TRN MINH CNG  tranminhcuong/button_Settings' is clicked on

2019-05-23 10:13:39 - [TEST_STEP][PASSED] - click(findTestObject("Object Repository/Page_My settings/button_Log out")): Object: 'Object Repository/Page_My settings/button_Log out' is clicked on

2019-05-23 10:13:40 - [MESSAGE][PASSED] - Object: 'Object Repository/Page_My settings/button_Log out' is clicked on

2019-05-23 10:13:40 - [TEST_STEP][PASSED] - click(findTestObject("Object Repository/Page_Spectrum/button_Log in or sign up")): Object: 'Object Repository/Page_Spectrum/button_Log in or sign up' is clicked on

2019-05-23 10:13:42 - [MESSAGE][PASSED] - Object: 'Object Repository/Page_Spectrum/button_Log in or sign up' is clicked on

2019-05-23 10:13:42 - [TEST_STEP][PASSED] - click(findTestObject("Object Repository/Page_Spectrum/span_Sign in with GitHub")): Object: 'Object Repository/Page_Spectrum/span_Sign in with GitHub' is clicked on

2019-05-23 10:13:46 - [MESSAGE][PASSED] - Object: 'Object Repository/Page_Spectrum/span_Sign in with GitHub' is clicked on

2019-05-23 10:13:46 - [TEST_STEP][PASSED] - click(findTestObject("Object Repository/Page_Spectrum community/img_Explore_style__Img-u3znqr-3 kJsvJN")): Object: 'Object Repository/Page_Spectrum community/img_Explore_style__Img-u3znqr-3 kJsvJN' is clicked on

2019-05-23 10:13:50 - [MESSAGE][PASSED] - Object: 'Object Repository/Page_Spectrum community/img_Explore_style__Img-u3znqr-3 kJsvJN' is clicked on

2019-05-23 10:13:50 - [TEST_STEP][PASSED] - click(findTestObject("Object Repository/Page_TRN MINH CNG  tranminhcuong/button_Settings")): Object: 'Object Repository/Page_TRN MINH CNG  tranminhcuong/button_Settings' is clicked on

2019-05-23 10:13:51 - [MESSAGE][PASSED] - Object: 'Object Repository/Page_TRN MINH CNG  tranminhcuong/button_Settings' is clicked on

2019-05-23 10:13:51 - [TEST_STEP][PASSED] - click(findTestObject("Object Repository/Page_My settings/button_Log out")): Object: 'Object Repository/Page_My settings/button_Log out' is clicked on

2019-05-23 10:13:52 - [MESSAGE][PASSED] - Object: 'Object Repository/Page_My settings/button_Log out' is clicked on

2019-05-23 10:13:52 - [TEST_STEP][PASSED] - closeBrowser(): Browser is closed

2019-05-23 10:13:53 - [MESSAGE][PASSED] - Browser is closed]]></system-out>
         <system-err><![CDATA[]]></system-err>
      </testcase>
      <testcase name="Test Cases/5 Test case using If/Join General and turn off notification" classname="Test Cases/5 Test case using If/Join General and turn off notification" status="PASSED">
         <system-out><![CDATA[2019-05-23 10:13:53 - [TEST_CASE][PASSED] - Test Cases/5 Test case using If/Join General and turn off notification: Test Cases/5 Test case using If/Join General and turn off notification

2019-05-23 10:13:54 - [TEST_STEP][PASSED] - openBrowser(""): Browser is opened with url: ''

2019-05-23 10:13:54 - [MESSAGE][INFO] - Starting 'Firefox' driver

2019-05-23 10:13:57 - [MESSAGE][PASSED] - Browser is opened with url: ''

2019-05-23 10:13:57 - [TEST_STEP][PASSED] - navigateToUrl("http://localhost:3000/"): Navigate to 'http://localhost:3000/' successfully

2019-05-23 10:13:59 - [MESSAGE][PASSED] - Navigate to 'http://localhost:3000/' successfully

2019-05-23 10:13:59 - [TEST_STEP][PASSED] - click(findTestObject("Page_Spectrum/button_Log in or sign up")): Object: 'Object Repository/Page_Spectrum/button_Log in or sign up' is clicked on

2019-05-23 10:14:01 - [MESSAGE][PASSED] - Object: 'Object Repository/Page_Spectrum/button_Log in or sign up' is clicked on

2019-05-23 10:14:01 - [TEST_STEP][PASSED] - click(findTestObject("Page_Spectrum/span_Sign in with GitHub")): Object: 'Object Repository/Page_Spectrum/span_Sign in with GitHub' is clicked on

2019-05-23 10:14:02 - [MESSAGE][PASSED] - Object: 'Object Repository/Page_Spectrum/span_Sign in with GitHub' is clicked on

2019-05-23 10:14:02 - [TEST_STEP][PASSED] - setText(findTestObject("Page_Sign in to GitHub  GitHub/input_Username or email address_login"), "minhcuongit"): Text 'minhcuongit' is set on object 'Object Repository/Page_Sign in to GitHub  GitHub/input_Username or email address_login'

2019-05-23 10:14:02 - [MESSAGE][PASSED] - Text 'minhcuongit' is set on object 'Object Repository/Page_Sign in to GitHub  GitHub/input_Username or email address_login'

2019-05-23 10:14:02 - [TEST_STEP][PASSED] - setEncryptedText(findTestObject("Page_Sign in to GitHub  GitHub/input_Forgot password_password"), "9e5/e4jZbrkRPxL/am/6uYGu2iBUrIMS"): Text ****** has been set on object 'Object Repository/Page_Sign in to GitHub  GitHub/input_Forgot password_password'

2019-05-23 10:14:02 - [MESSAGE][PASSED] - Text ****** has been set on object 'Object Repository/Page_Sign in to GitHub  GitHub/input_Forgot password_password'

2019-05-23 10:14:02 - [TEST_STEP][PASSED] - click(findTestObject("Page_Sign in to GitHub  GitHub/input_Forgot password_commit")): Object: 'Object Repository/Page_Sign in to GitHub  GitHub/input_Forgot password_commit' is clicked on

2019-05-23 10:14:07 - [MESSAGE][PASSED] - Object: 'Object Repository/Page_Sign in to GitHub  GitHub/input_Forgot password_commit' is clicked on

2019-05-23 10:14:07 - [TEST_STEP][PASSED] - navigateToUrl("http://localhost:3000/spectrum?tab=posts"): Navigate to 'http://localhost:3000/spectrum?tab=posts' successfully

2019-05-23 10:14:08 - [MESSAGE][PASSED] - Navigate to 'http://localhost:3000/spectrum?tab=posts' successfully

2019-05-23 10:14:08 - [TEST_STEP][PASSED] - if (verifyElementPresent(findTestObject("Object Repository/Page_Spectrum community/button_Join_General"), 25, OPTIONAL) == true): com.kms.katalon.core.webui.exception.WebElementNotFoundException: Web element with id: 'Object Repository/Page_Spectrum community/button_Join_General' located by 'By.xpath: id("main")/div[@class="layout__SecondaryPrimaryColumnGrid-sc-1v43im1-3 liRHVO"]/section[@class="layout__SecondaryColumn-sc-1v43im1-6 ctZiQt"]/section[@class="style__SidebarSection-hht6fk-4 dzLuvX"]/div[@class="style__List-hht6fk-12 ekrAeb"]/a[2]/div[@class="style__Row-sc-537zx7-1 dthITF"]/div[@class="style__Actions-sc-537zx7-9 style__ChannelActions-sc-537zx7-10 iIrOaj"]/span[1]/button[@class="style__StyledButton-sc-1g5bc3a-2 style__StyledOutlineButton-sc-1g5bc3a-7 style__StyledPrimaryOutlineButton-sc-1g5bc3a-8 jLsczK"][count(. | //button[(text() = 'Join' or . = 'Join')]) = count(//button[(text() = 'Join' or . = 'Join')])]' not found (Root cause: com.kms.katalon.core.exception.StepFailedException: com.kms.katalon.core.webui.exception.WebElementNotFoundException: Web element with id: 'Object Repository/Page_Spectrum community/button_Join_General' located by 'By.xpath: id("main")/div[@class="layout__SecondaryPrimaryColumnGrid-sc-1v43im1-3 liRHVO"]/section[@class="layout__SecondaryColumn-sc-1v43im1-6 ctZiQt"]/section[@class="style__SidebarSection-hht6fk-4 dzLuvX"]/div[@class="style__List-hht6fk-12 ekrAeb"]/a[2]/div[@class="style__Row-sc-537zx7-1 dthITF"]/div[@class="style__Actions-sc-537zx7-9 style__ChannelActions-sc-537zx7-10 iIrOaj"]/span[1]/button[@class="style__StyledButton-sc-1g5bc3a-2 style__StyledOutlineButton-sc-1g5bc3a-7 style__StyledPrimaryOutlineButton-sc-1g5bc3a-8 jLsczK"][count(. | //button[(text() = 'Join' or . = 'Join')]) = count(//button[(text() = 'Join' or . = 'Join')])]' not found
	at com.kms.katalon.core.webui.keyword.internal.WebUIKeywordMain.stepFailed(WebUIKeywordMain.groovy:64)
	at com.kms.katalon.core.webui.keyword.builtin.VerifyElementPresentKeyword$_verifyElementPresent_closure1.doCall(VerifyElementPresentKeyword.groovy:85)
	at com.kms.katalon.core.webui.keyword.builtin.VerifyElementPresentKeyword$_verifyElementPresent_closure1.call(VerifyElementPresentKeyword.groovy)
	at com.kms.katalon.core.webui.keyword.internal.WebUIKeywordMain.runKeyword(WebUIKeywordMain.groovy:20)
	at com.kms.katalon.core.webui.keyword.builtin.VerifyElementPresentKeyword.verifyElementPresent(VerifyElementPresentKeyword.groovy:92)
	at com.kms.katalon.core.webui.keyword.builtin.VerifyElementPresentKeyword.execute(VerifyElementPresentKeyword.groovy:68)
	at com.kms.katalon.core.keyword.internal.KeywordExecutor.executeKeywordForPlatform(KeywordExecutor.groovy:56)
	at com.kms.katalon.core.webui.keyword.WebUiBuiltInKeywords.verifyElementPresent(WebUiBuiltInKeywords.groovy:1418)
	at com.kms.katalon.core.webui.keyword.WebUiBuiltInKeywords$verifyElementPresent$6.call(Unknown Source)
	at Join General and turn off notification.run(Join General and turn off notification:33)
	at com.kms.katalon.core.main.ScriptEngine.run(ScriptEngine.java:194)
	at com.kms.katalon.core.main.ScriptEngine.runScriptAsRawText(ScriptEngine.java:119)
	at com.kms.katalon.core.main.TestCaseExecutor.runScript(TestCaseExecutor.java:336)
	at com.kms.katalon.core.main.TestCaseExecutor.doExecute(TestCaseExecutor.java:327)
	at com.kms.katalon.core.main.TestCaseExecutor.processExecutionPhase(TestCaseExecutor.java:306)
	at com.kms.katalon.core.main.TestCaseExecutor.accessMainPhase(TestCaseExecutor.java:298)
	at com.kms.katalon.core.main.TestCaseExecutor.execute(TestCaseExecutor.java:232)
	at com.kms.katalon.core.main.TestSuiteExecutor.accessTestCaseMainPhase(TestSuiteExecutor.java:129)
	at com.kms.katalon.core.main.TestSuiteExecutor.accessTestSuiteMainPhase(TestSuiteExecutor.java:112)
	at com.kms.katalon.core.main.TestSuiteExecutor.execute(TestSuiteExecutor.java:81)
	at com.kms.katalon.core.main.TestCaseMain.startTestSuite(TestCaseMain.java:157)
	at com.kms.katalon.core.main.TestCaseMain$startTestSuite$0.call(Unknown Source)
	at TempTestSuite1558580976607.run(TempTestSuite1558580976607.groovy:35)
)

2019-05-23 10:14:35 - [MESSAGE][INFO] - Unable to find the element located by 'By.xpath: id("main")/div[@class="layout__SecondaryPrimaryColumnGrid-sc-1v43im1-3 liRHVO"]/section[@class="layout__SecondaryColumn-sc-1v43im1-6 ctZiQt"]/section[@class="style__SidebarSection-hht6fk-4 dzLuvX"]/div[@class="style__List-hht6fk-12 ekrAeb"]/a[2]/div[@class="style__Row-sc-537zx7-1 dthITF"]/div[@class="style__Actions-sc-537zx7-9 style__ChannelActions-sc-537zx7-10 iIrOaj"]/span[1]/button[@class="style__StyledButton-sc-1g5bc3a-2 style__StyledOutlineButton-sc-1g5bc3a-7 style__StyledPrimaryOutlineButton-sc-1g5bc3a-8 jLsczK"][count(. | //button[(text() = 'Join' or . = 'Join')]) = count(//button[(text() = 'Join' or . = 'Join')])]'. Please recheck the objects properties to make sure the desired element is located. 

2019-05-23 10:14:36 - [MESSAGE][WARNING] - com.kms.katalon.core.webui.exception.WebElementNotFoundException: Web element with id: 'Object Repository/Page_Spectrum community/button_Join_General' located by 'By.xpath: id("main")/div[@class="layout__SecondaryPrimaryColumnGrid-sc-1v43im1-3 liRHVO"]/section[@class="layout__SecondaryColumn-sc-1v43im1-6 ctZiQt"]/section[@class="style__SidebarSection-hht6fk-4 dzLuvX"]/div[@class="style__List-hht6fk-12 ekrAeb"]/a[2]/div[@class="style__Row-sc-537zx7-1 dthITF"]/div[@class="style__Actions-sc-537zx7-9 style__ChannelActions-sc-537zx7-10 iIrOaj"]/span[1]/button[@class="style__StyledButton-sc-1g5bc3a-2 style__StyledOutlineButton-sc-1g5bc3a-7 style__StyledPrimaryOutlineButton-sc-1g5bc3a-8 jLsczK"][count(. | //button[(text() = 'Join' or . = 'Join')]) = count(//button[(text() = 'Join' or . = 'Join')])]' not found (Root cause: com.kms.katalon.core.exception.StepFailedException: com.kms.katalon.core.webui.exception.WebElementNotFoundException: Web element with id: 'Object Repository/Page_Spectrum community/button_Join_General' located by 'By.xpath: id("main")/div[@class="layout__SecondaryPrimaryColumnGrid-sc-1v43im1-3 liRHVO"]/section[@class="layout__SecondaryColumn-sc-1v43im1-6 ctZiQt"]/section[@class="style__SidebarSection-hht6fk-4 dzLuvX"]/div[@class="style__List-hht6fk-12 ekrAeb"]/a[2]/div[@class="style__Row-sc-537zx7-1 dthITF"]/div[@class="style__Actions-sc-537zx7-9 style__ChannelActions-sc-537zx7-10 iIrOaj"]/span[1]/button[@class="style__StyledButton-sc-1g5bc3a-2 style__StyledOutlineButton-sc-1g5bc3a-7 style__StyledPrimaryOutlineButton-sc-1g5bc3a-8 jLsczK"][count(. | //button[(text() = 'Join' or . = 'Join')]) = count(//button[(text() = 'Join' or . = 'Join')])]' not found
	at com.kms.katalon.core.webui.keyword.internal.WebUIKeywordMain.stepFailed(WebUIKeywordMain.groovy:64)
	at com.kms.katalon.core.webui.keyword.builtin.VerifyElementPresentKeyword$_verifyElementPresent_closure1.doCall(VerifyElementPresentKeyword.groovy:85)
	at com.kms.katalon.core.webui.keyword.builtin.VerifyElementPresentKeyword$_verifyElementPresent_closure1.call(VerifyElementPresentKeyword.groovy)
	at com.kms.katalon.core.webui.keyword.internal.WebUIKeywordMain.runKeyword(WebUIKeywordMain.groovy:20)
	at com.kms.katalon.core.webui.keyword.builtin.VerifyElementPresentKeyword.verifyElementPresent(VerifyElementPresentKeyword.groovy:92)
	at com.kms.katalon.core.webui.keyword.builtin.VerifyElementPresentKeyword.execute(VerifyElementPresentKeyword.groovy:68)
	at com.kms.katalon.core.keyword.internal.KeywordExecutor.executeKeywordForPlatform(KeywordExecutor.groovy:56)
	at com.kms.katalon.core.webui.keyword.WebUiBuiltInKeywords.verifyElementPresent(WebUiBuiltInKeywords.groovy:1418)
	at com.kms.katalon.core.webui.keyword.WebUiBuiltInKeywords$verifyElementPresent$6.call(Unknown Source)
	at Join General and turn off notification.run(Join General and turn off notification:33)
	at com.kms.katalon.core.main.ScriptEngine.run(ScriptEngine.java:194)
	at com.kms.katalon.core.main.ScriptEngine.runScriptAsRawText(ScriptEngine.java:119)
	at com.kms.katalon.core.main.TestCaseExecutor.runScript(TestCaseExecutor.java:336)
	at com.kms.katalon.core.main.TestCaseExecutor.doExecute(TestCaseExecutor.java:327)
	at com.kms.katalon.core.main.TestCaseExecutor.processExecutionPhase(TestCaseExecutor.java:306)
	at com.kms.katalon.core.main.TestCaseExecutor.accessMainPhase(TestCaseExecutor.java:298)
	at com.kms.katalon.core.main.TestCaseExecutor.execute(TestCaseExecutor.java:232)
	at com.kms.katalon.core.main.TestSuiteExecutor.accessTestCaseMainPhase(TestSuiteExecutor.java:129)
	at com.kms.katalon.core.main.TestSuiteExecutor.accessTestSuiteMainPhase(TestSuiteExecutor.java:112)
	at com.kms.katalon.core.main.TestSuiteExecutor.execute(TestSuiteExecutor.java:81)
	at com.kms.katalon.core.main.TestCaseMain.startTestSuite(TestCaseMain.java:157)
	at com.kms.katalon.core.main.TestCaseMain$startTestSuite$0.call(Unknown Source)
	at TempTestSuite1558580976607.run(TempTestSuite1558580976607.groovy:35)
)
[[ATTACHMENT|D:\\HCMUS DATA\\Tern2-4th\\CCDNCTPTPM\\BT\\HW2\\Project\\TED_Team-Test_Project\\TED_Team-Test_Project\\Reports\\Run all test cases\\20190523_100936\\1558581275873.png]]

2019-05-23 10:14:36 - [TEST_STEP][PASSED] - else: You was join in this channel!

2019-05-23 10:14:36 - [TEST_STEP][PASSED] - comment("You was join in this channel!"): You was join in this channel!

2019-05-23 10:14:36 - [MESSAGE][INFO] - You was join in this channel!]]></system-out>
         <system-err><![CDATA[]]></system-err>
      </testcase>
      <testcase name="Test Cases/5 Test case using For/Create Community" classname="Test Cases/5 Test case using For/Create Community" status="PASSED">
         <system-out><![CDATA[2019-05-23 10:14:36 - [TEST_CASE][PASSED] - Test Cases/5 Test case using For/Create Community: Test Cases/5 Test case using For/Create Community

2019-05-23 10:14:36 - [TEST_STEP][PASSED] - openBrowser(""): Browser is opened with url: ''

2019-05-23 10:14:36 - [MESSAGE][WARNING] - A browser is already opened. Closing browser and opening a new one

2019-05-23 10:14:37 - [MESSAGE][INFO] - Starting 'Firefox' driver

2019-05-23 10:14:40 - [MESSAGE][PASSED] - Browser is opened with url: ''

2019-05-23 10:14:40 - [TEST_STEP][PASSED] - navigateToUrl("http://localhost:3000/"): Navigate to 'http://localhost:3000/' successfully

2019-05-23 10:14:42 - [MESSAGE][PASSED] - Navigate to 'http://localhost:3000/' successfully

2019-05-23 10:14:42 - [TEST_STEP][PASSED] - click(findTestObject("Page_Spectrum/button_Log in or sign up")): Object: 'Object Repository/Page_Spectrum/button_Log in or sign up' is clicked on

2019-05-23 10:14:44 - [MESSAGE][PASSED] - Object: 'Object Repository/Page_Spectrum/button_Log in or sign up' is clicked on

2019-05-23 10:14:44 - [TEST_STEP][PASSED] - click(findTestObject("Page_Spectrum/span_Sign in with GitHub")): Object: 'Object Repository/Page_Spectrum/span_Sign in with GitHub' is clicked on

2019-05-23 10:14:46 - [MESSAGE][PASSED] - Object: 'Object Repository/Page_Spectrum/span_Sign in with GitHub' is clicked on

2019-05-23 10:14:46 - [TEST_STEP][PASSED] - setText(findTestObject("Page_Sign in to GitHub  GitHub/input_Username or email address_login"), "minhcuongit"): Text 'minhcuongit' is set on object 'Object Repository/Page_Sign in to GitHub  GitHub/input_Username or email address_login'

2019-05-23 10:14:46 - [MESSAGE][PASSED] - Text 'minhcuongit' is set on object 'Object Repository/Page_Sign in to GitHub  GitHub/input_Username or email address_login'

2019-05-23 10:14:46 - [TEST_STEP][PASSED] - setEncryptedText(findTestObject("Page_Sign in to GitHub  GitHub/input_Forgot password_password"), "9e5/e4jZbrkRPxL/am/6uYGu2iBUrIMS"): Text ****** has been set on object 'Object Repository/Page_Sign in to GitHub  GitHub/input_Forgot password_password'

2019-05-23 10:14:46 - [MESSAGE][PASSED] - Text ****** has been set on object 'Object Repository/Page_Sign in to GitHub  GitHub/input_Forgot password_password'

2019-05-23 10:14:46 - [TEST_STEP][PASSED] - click(findTestObject("Page_Sign in to GitHub  GitHub/input_Forgot password_commit")): Object: 'Object Repository/Page_Sign in to GitHub  GitHub/input_Forgot password_commit' is clicked on

2019-05-23 10:14:51 - [MESSAGE][PASSED] - Object: 'Object Repository/Page_Sign in to GitHub  GitHub/input_Forgot password_commit' is clicked on

2019-05-23 10:14:51 - [TEST_STEP][PASSED] - click(findTestObject("Page_Spectrum community/img_Explore_style__Img-u3znqr-3 kJsvJN")): Object: 'Object Repository/Page_Spectrum community/img_Explore_style__Img-u3znqr-3 kJsvJN' is clicked on

2019-05-23 10:14:55 - [MESSAGE][PASSED] - Object: 'Object Repository/Page_Spectrum community/img_Explore_style__Img-u3znqr-3 kJsvJN' is clicked on

2019-05-23 10:14:55 - [TEST_STEP][PASSED] - comunities = ["Community 01", "Community 02", "Community 03", "Community 04", "Community 05"]: null

2019-05-23 10:14:55 - [TEST_STEP][PASSED] - descriptions = ["Describe Community 01", "Describe Community 02", "Describe Community 03", "Describe Community 04", "Describe Community 05"]: null

2019-05-23 10:14:55 - [TEST_STEP][PASSED] - websites = ["www.community01.com", "www.community02.com", "www.community03.com", "www.community04.com", "www.community05.com"]: null

2019-05-23 10:14:55 - [TEST_STEP][PASSED] - for ([i = 0, i < 5, (i++)]): Object: 'Object Repository/Page_New community/button_Go to my community' is clicked on

2019-05-23 10:14:55 - [TEST_STEP][PASSED] - navigateToUrl("http://localhost:3000/new/community"): Navigate to 'http://localhost:3000/new/community' successfully

2019-05-23 10:14:56 - [MESSAGE][PASSED] - Navigate to 'http://localhost:3000/new/community' successfully

2019-05-23 10:14:56 - [TEST_STEP][PASSED] - setText(findTestObject("Object Repository/Page_New community/input_What is your community called_style__StyledInput-sc-17zryot-2 jHXlSy"), $comunities[i]): Text 'Community 01' is set on object 'Object Repository/Page_New community/input_What is your community called_style__StyledInput-sc-17zryot-2 jHXlSy'

2019-05-23 10:14:58 - [MESSAGE][PASSED] - Text 'Community 01' is set on object 'Object Repository/Page_New community/input_What is your community called_style__StyledInput-sc-17zryot-2 jHXlSy'

2019-05-23 10:14:58 - [TEST_STEP][PASSED] - setText(findTestObject("Object Repository/Page_New community/textarea_dd"), $descriptions[i]): Text 'Describe Community 01' is set on object 'Object Repository/Page_New community/textarea_dd'

2019-05-23 10:14:59 - [MESSAGE][PASSED] - Text 'Describe Community 01' is set on object 'Object Repository/Page_New community/textarea_dd'

2019-05-23 10:14:59 - [TEST_STEP][PASSED] - setText(findTestObject("Object Repository/Page_New community/input_Optional Add your communitys website_style__StyledInput-sc-17zryot-2 jHXlSy"), $websites[i]): Text 'www.community01.com' is set on object 'Object Repository/Page_New community/input_Optional Add your communitys website_style__StyledInput-sc-17zryot-2 jHXlSy'

2019-05-23 10:14:59 - [MESSAGE][PASSED] - Text 'www.community01.com' is set on object 'Object Repository/Page_New community/input_Optional Add your communitys website_style__StyledInput-sc-17zryot-2 jHXlSy'

2019-05-23 10:14:59 - [TEST_STEP][PASSED] - click(findTestObject("Object Repository/Page_New community/div_checkboxI have read the Spectrum Code of Conduct and agree to enforce it in my community")): Object: 'Object Repository/Page_New community/div_checkboxI have read the Spectrum Code of Conduct and agree to enforce it in my community' is clicked on

2019-05-23 10:15:00 - [MESSAGE][PASSED] - Object: 'Object Repository/Page_New community/div_checkboxI have read the Spectrum Code of Conduct and agree to enforce it in my community' is clicked on

2019-05-23 10:15:00 - [TEST_STEP][PASSED] - click(findTestObject("Object Repository/Page_New community/button_Create Community  Continue")): Object: 'Object Repository/Page_New community/button_Create Community  Continue' is clicked on

2019-05-23 10:15:00 - [MESSAGE][PASSED] - Object: 'Object Repository/Page_New community/button_Create Community  Continue' is clicked on

2019-05-23 10:15:00 - [TEST_STEP][PASSED] - click(findTestObject("Object Repository/Page_New community/button_Skip this step")): Object: 'Object Repository/Page_New community/button_Skip this step' is clicked on

2019-05-23 10:15:02 - [MESSAGE][PASSED] - Object: 'Object Repository/Page_New community/button_Skip this step' is clicked on

2019-05-23 10:15:02 - [TEST_STEP][PASSED] - click(findTestObject("Object Repository/Page_New community/button_Go to my community")): Object: 'Object Repository/Page_New community/button_Go to my community' is clicked on

2019-05-23 10:15:03 - [MESSAGE][PASSED] - Object: 'Object Repository/Page_New community/button_Go to my community' is clicked on

2019-05-23 10:15:03 - [TEST_STEP][PASSED] - navigateToUrl("http://localhost:3000/new/community"): Navigate to 'http://localhost:3000/new/community' successfully

2019-05-23 10:15:05 - [MESSAGE][PASSED] - Navigate to 'http://localhost:3000/new/community' successfully

2019-05-23 10:15:05 - [TEST_STEP][PASSED] - setText(findTestObject("Object Repository/Page_New community/input_What is your community called_style__StyledInput-sc-17zryot-2 jHXlSy"), $comunities[i]): Text 'Community 02' is set on object 'Object Repository/Page_New community/input_What is your community called_style__StyledInput-sc-17zryot-2 jHXlSy'

2019-05-23 10:15:06 - [MESSAGE][PASSED] - Text 'Community 02' is set on object 'Object Repository/Page_New community/input_What is your community called_style__StyledInput-sc-17zryot-2 jHXlSy'

2019-05-23 10:15:06 - [TEST_STEP][PASSED] - setText(findTestObject("Object Repository/Page_New community/textarea_dd"), $descriptions[i]): Text 'Describe Community 02' is set on object 'Object Repository/Page_New community/textarea_dd'

2019-05-23 10:15:06 - [MESSAGE][PASSED] - Text 'Describe Community 02' is set on object 'Object Repository/Page_New community/textarea_dd'

2019-05-23 10:15:06 - [TEST_STEP][PASSED] - setText(findTestObject("Object Repository/Page_New community/input_Optional Add your communitys website_style__StyledInput-sc-17zryot-2 jHXlSy"), $websites[i]): Text 'www.community02.com' is set on object 'Object Repository/Page_New community/input_Optional Add your communitys website_style__StyledInput-sc-17zryot-2 jHXlSy'

2019-05-23 10:15:07 - [MESSAGE][PASSED] - Text 'www.community02.com' is set on object 'Object Repository/Page_New community/input_Optional Add your communitys website_style__StyledInput-sc-17zryot-2 jHXlSy'

2019-05-23 10:15:07 - [TEST_STEP][PASSED] - click(findTestObject("Object Repository/Page_New community/div_checkboxI have read the Spectrum Code of Conduct and agree to enforce it in my community")): Object: 'Object Repository/Page_New community/div_checkboxI have read the Spectrum Code of Conduct and agree to enforce it in my community' is clicked on

2019-05-23 10:15:07 - [MESSAGE][PASSED] - Object: 'Object Repository/Page_New community/div_checkboxI have read the Spectrum Code of Conduct and agree to enforce it in my community' is clicked on

2019-05-23 10:15:07 - [TEST_STEP][PASSED] - click(findTestObject("Object Repository/Page_New community/button_Create Community  Continue")): Object: 'Object Repository/Page_New community/button_Create Community  Continue' is clicked on

2019-05-23 10:15:08 - [MESSAGE][PASSED] - Object: 'Object Repository/Page_New community/button_Create Community  Continue' is clicked on

2019-05-23 10:15:08 - [TEST_STEP][PASSED] - click(findTestObject("Object Repository/Page_New community/button_Skip this step")): Object: 'Object Repository/Page_New community/button_Skip this step' is clicked on

2019-05-23 10:15:10 - [MESSAGE][PASSED] - Object: 'Object Repository/Page_New community/button_Skip this step' is clicked on

2019-05-23 10:15:10 - [TEST_STEP][PASSED] - click(findTestObject("Object Repository/Page_New community/button_Go to my community")): Object: 'Object Repository/Page_New community/button_Go to my community' is clicked on

2019-05-23 10:15:11 - [MESSAGE][PASSED] - Object: 'Object Repository/Page_New community/button_Go to my community' is clicked on

2019-05-23 10:15:11 - [TEST_STEP][PASSED] - navigateToUrl("http://localhost:3000/new/community"): Navigate to 'http://localhost:3000/new/community' successfully

2019-05-23 10:15:12 - [MESSAGE][PASSED] - Navigate to 'http://localhost:3000/new/community' successfully

2019-05-23 10:15:12 - [TEST_STEP][PASSED] - setText(findTestObject("Object Repository/Page_New community/input_What is your community called_style__StyledInput-sc-17zryot-2 jHXlSy"), $comunities[i]): Text 'Community 03' is set on object 'Object Repository/Page_New community/input_What is your community called_style__StyledInput-sc-17zryot-2 jHXlSy'

2019-05-23 10:15:18 - [MESSAGE][PASSED] - Text 'Community 03' is set on object 'Object Repository/Page_New community/input_What is your community called_style__StyledInput-sc-17zryot-2 jHXlSy'

2019-05-23 10:15:18 - [TEST_STEP][PASSED] - setText(findTestObject("Object Repository/Page_New community/textarea_dd"), $descriptions[i]): Text 'Describe Community 03' is set on object 'Object Repository/Page_New community/textarea_dd'

2019-05-23 10:15:18 - [MESSAGE][PASSED] - Text 'Describe Community 03' is set on object 'Object Repository/Page_New community/textarea_dd'

2019-05-23 10:15:18 - [TEST_STEP][PASSED] - setText(findTestObject("Object Repository/Page_New community/input_Optional Add your communitys website_style__StyledInput-sc-17zryot-2 jHXlSy"), $websites[i]): Text 'www.community03.com' is set on object 'Object Repository/Page_New community/input_Optional Add your communitys website_style__StyledInput-sc-17zryot-2 jHXlSy'

2019-05-23 10:15:18 - [MESSAGE][PASSED] - Text 'www.community03.com' is set on object 'Object Repository/Page_New community/input_Optional Add your communitys website_style__StyledInput-sc-17zryot-2 jHXlSy'

2019-05-23 10:15:18 - [TEST_STEP][PASSED] - click(findTestObject("Object Repository/Page_New community/div_checkboxI have read the Spectrum Code of Conduct and agree to enforce it in my community")): Object: 'Object Repository/Page_New community/div_checkboxI have read the Spectrum Code of Conduct and agree to enforce it in my community' is clicked on

2019-05-23 10:15:19 - [MESSAGE][PASSED] - Object: 'Object Repository/Page_New community/div_checkboxI have read the Spectrum Code of Conduct and agree to enforce it in my community' is clicked on

2019-05-23 10:15:19 - [TEST_STEP][PASSED] - click(findTestObject("Object Repository/Page_New community/button_Create Community  Continue")): Object: 'Object Repository/Page_New community/button_Create Community  Continue' is clicked on

2019-05-23 10:15:20 - [MESSAGE][PASSED] - Object: 'Object Repository/Page_New community/button_Create Community  Continue' is clicked on

2019-05-23 10:15:20 - [TEST_STEP][PASSED] - click(findTestObject("Object Repository/Page_New community/button_Skip this step")): Object: 'Object Repository/Page_New community/button_Skip this step' is clicked on

2019-05-23 10:15:21 - [MESSAGE][PASSED] - Object: 'Object Repository/Page_New community/button_Skip this step' is clicked on

2019-05-23 10:15:21 - [TEST_STEP][PASSED] - click(findTestObject("Object Repository/Page_New community/button_Go to my community")): Object: 'Object Repository/Page_New community/button_Go to my community' is clicked on

2019-05-23 10:15:22 - [MESSAGE][PASSED] - Object: 'Object Repository/Page_New community/button_Go to my community' is clicked on

2019-05-23 10:15:23 - [TEST_STEP][PASSED] - navigateToUrl("http://localhost:3000/new/community"): Navigate to 'http://localhost:3000/new/community' successfully

2019-05-23 10:15:24 - [MESSAGE][PASSED] - Navigate to 'http://localhost:3000/new/community' successfully

2019-05-23 10:15:24 - [TEST_STEP][PASSED] - setText(findTestObject("Object Repository/Page_New community/input_What is your community called_style__StyledInput-sc-17zryot-2 jHXlSy"), $comunities[i]): Text 'Community 04' is set on object 'Object Repository/Page_New community/input_What is your community called_style__StyledInput-sc-17zryot-2 jHXlSy'

2019-05-23 10:15:27 - [MESSAGE][PASSED] - Text 'Community 04' is set on object 'Object Repository/Page_New community/input_What is your community called_style__StyledInput-sc-17zryot-2 jHXlSy'

2019-05-23 10:15:27 - [TEST_STEP][PASSED] - setText(findTestObject("Object Repository/Page_New community/textarea_dd"), $descriptions[i]): Text 'Describe Community 04' is set on object 'Object Repository/Page_New community/textarea_dd'

2019-05-23 10:15:28 - [MESSAGE][PASSED] - Text 'Describe Community 04' is set on object 'Object Repository/Page_New community/textarea_dd'

2019-05-23 10:15:28 - [TEST_STEP][PASSED] - setText(findTestObject("Object Repository/Page_New community/input_Optional Add your communitys website_style__StyledInput-sc-17zryot-2 jHXlSy"), $websites[i]): Text 'www.community04.com' is set on object 'Object Repository/Page_New community/input_Optional Add your communitys website_style__StyledInput-sc-17zryot-2 jHXlSy'

2019-05-23 10:15:28 - [MESSAGE][PASSED] - Text 'www.community04.com' is set on object 'Object Repository/Page_New community/input_Optional Add your communitys website_style__StyledInput-sc-17zryot-2 jHXlSy'

2019-05-23 10:15:28 - [TEST_STEP][PASSED] - click(findTestObject("Object Repository/Page_New community/div_checkboxI have read the Spectrum Code of Conduct and agree to enforce it in my community")): Object: 'Object Repository/Page_New community/div_checkboxI have read the Spectrum Code of Conduct and agree to enforce it in my community' is clicked on

2019-05-23 10:15:29 - [MESSAGE][PASSED] - Object: 'Object Repository/Page_New community/div_checkboxI have read the Spectrum Code of Conduct and agree to enforce it in my community' is clicked on

2019-05-23 10:15:29 - [TEST_STEP][PASSED] - click(findTestObject("Object Repository/Page_New community/button_Create Community  Continue")): Object: 'Object Repository/Page_New community/button_Create Community  Continue' is clicked on

2019-05-23 10:15:30 - [MESSAGE][PASSED] - Object: 'Object Repository/Page_New community/button_Create Community  Continue' is clicked on

2019-05-23 10:15:30 - [TEST_STEP][PASSED] - click(findTestObject("Object Repository/Page_New community/button_Skip this step")): Object: 'Object Repository/Page_New community/button_Skip this step' is clicked on

2019-05-23 10:15:32 - [MESSAGE][PASSED] - Object: 'Object Repository/Page_New community/button_Skip this step' is clicked on

2019-05-23 10:15:32 - [TEST_STEP][PASSED] - click(findTestObject("Object Repository/Page_New community/button_Go to my community")): Object: 'Object Repository/Page_New community/button_Go to my community' is clicked on

2019-05-23 10:15:33 - [MESSAGE][PASSED] - Object: 'Object Repository/Page_New community/button_Go to my community' is clicked on

2019-05-23 10:15:33 - [TEST_STEP][PASSED] - navigateToUrl("http://localhost:3000/new/community"): Navigate to 'http://localhost:3000/new/community' successfully

2019-05-23 10:15:36 - [MESSAGE][PASSED] - Navigate to 'http://localhost:3000/new/community' successfully

2019-05-23 10:15:36 - [TEST_STEP][PASSED] - setText(findTestObject("Object Repository/Page_New community/input_What is your community called_style__StyledInput-sc-17zryot-2 jHXlSy"), $comunities[i]): Text 'Community 05' is set on object 'Object Repository/Page_New community/input_What is your community called_style__StyledInput-sc-17zryot-2 jHXlSy'

2019-05-23 10:15:37 - [MESSAGE][PASSED] - Text 'Community 05' is set on object 'Object Repository/Page_New community/input_What is your community called_style__StyledInput-sc-17zryot-2 jHXlSy'

2019-05-23 10:15:37 - [TEST_STEP][PASSED] - setText(findTestObject("Object Repository/Page_New community/textarea_dd"), $descriptions[i]): Text 'Describe Community 05' is set on object 'Object Repository/Page_New community/textarea_dd'

2019-05-23 10:15:37 - [MESSAGE][PASSED] - Text 'Describe Community 05' is set on object 'Object Repository/Page_New community/textarea_dd'

2019-05-23 10:15:37 - [TEST_STEP][PASSED] - setText(findTestObject("Object Repository/Page_New community/input_Optional Add your communitys website_style__StyledInput-sc-17zryot-2 jHXlSy"), $websites[i]): Text 'www.community05.com' is set on object 'Object Repository/Page_New community/input_Optional Add your communitys website_style__StyledInput-sc-17zryot-2 jHXlSy'

2019-05-23 10:15:37 - [MESSAGE][PASSED] - Text 'www.community05.com' is set on object 'Object Repository/Page_New community/input_Optional Add your communitys website_style__StyledInput-sc-17zryot-2 jHXlSy'

2019-05-23 10:15:37 - [TEST_STEP][PASSED] - click(findTestObject("Object Repository/Page_New community/div_checkboxI have read the Spectrum Code of Conduct and agree to enforce it in my community")): Object: 'Object Repository/Page_New community/div_checkboxI have read the Spectrum Code of Conduct and agree to enforce it in my community' is clicked on

2019-05-23 10:15:38 - [MESSAGE][PASSED] - Object: 'Object Repository/Page_New community/div_checkboxI have read the Spectrum Code of Conduct and agree to enforce it in my community' is clicked on

2019-05-23 10:15:38 - [TEST_STEP][PASSED] - click(findTestObject("Object Repository/Page_New community/button_Create Community  Continue")): Object: 'Object Repository/Page_New community/button_Create Community  Continue' is clicked on

2019-05-23 10:15:39 - [MESSAGE][PASSED] - Object: 'Object Repository/Page_New community/button_Create Community  Continue' is clicked on

2019-05-23 10:15:39 - [TEST_STEP][PASSED] - click(findTestObject("Object Repository/Page_New community/button_Skip this step")): Object: 'Object Repository/Page_New community/button_Skip this step' is clicked on

2019-05-23 10:15:40 - [MESSAGE][PASSED] - Object: 'Object Repository/Page_New community/button_Skip this step' is clicked on

2019-05-23 10:15:40 - [TEST_STEP][PASSED] - click(findTestObject("Object Repository/Page_New community/button_Go to my community")): Object: 'Object Repository/Page_New community/button_Go to my community' is clicked on

2019-05-23 10:15:42 - [MESSAGE][PASSED] - Object: 'Object Repository/Page_New community/button_Go to my community' is clicked on]]></system-out>
         <system-err><![CDATA[]]></system-err>
      </testcase>
      <testcase name="Test Cases/5 Test case using For/Create Chanel" classname="Test Cases/5 Test case using For/Create Chanel" status="FAILED">
         <failure type="FAILED" message="Test Cases/5 Test case using For/Create Chanel FAILED.
Reason:
com.kms.katalon.core.exception.StepFailedException: Unable to click on object 'Object Repository/Page_New community/button_Skip this step'
	at com.kms.katalon.core.webui.keyword.internal.WebUIKeywordMain.stepFailed(WebUIKeywordMain.groovy:64)
	at com.kms.katalon.core.webui.keyword.internal.WebUIKeywordMain.runKeyword(WebUIKeywordMain.groovy:26)
	at com.kms.katalon.core.webui.keyword.builtin.ClickKeyword.click(ClickKeyword.groovy:86)
	at com.kms.katalon.core.webui.keyword.builtin.ClickKeyword.execute(ClickKeyword.groovy:67)
	at com.kms.katalon.core.keyword.internal.KeywordExecutor.executeKeywordForPlatform(KeywordExecutor.groovy:56)
	at com.kms.katalon.core.webui.keyword.WebUiBuiltInKeywords.click(WebUiBuiltInKeywords.groovy:616)
	at com.kms.katalon.core.webui.keyword.WebUiBuiltInKeywords$click$1.call(Unknown Source)
	at Create Chanel.run(Create Chanel:47)
	at com.kms.katalon.core.main.ScriptEngine.run(ScriptEngine.java:194)
	at com.kms.katalon.core.main.ScriptEngine.runScriptAsRawText(ScriptEngine.java:119)
	at com.kms.katalon.core.main.TestCaseExecutor.runScript(TestCaseExecutor.java:336)
	at com.kms.katalon.core.main.TestCaseExecutor.doExecute(TestCaseExecutor.java:327)
	at com.kms.katalon.core.main.TestCaseExecutor.processExecutionPhase(TestCaseExecutor.java:306)
	at com.kms.katalon.core.main.TestCaseExecutor.accessMainPhase(TestCaseExecutor.java:298)
	at com.kms.katalon.core.main.TestCaseExecutor.execute(TestCaseExecutor.java:232)
	at com.kms.katalon.core.main.TestSuiteExecutor.accessTestCaseMainPhase(TestSuiteExecutor.java:129)
	at com.kms.katalon.core.main.TestSuiteExecutor.accessTestSuiteMainPhase(TestSuiteExecutor.java:112)
	at com.kms.katalon.core.main.TestSuiteExecutor.execute(TestSuiteExecutor.java:81)
	at com.kms.katalon.core.main.TestCaseMain.startTestSuite(TestCaseMain.java:157)
	at com.kms.katalon.core.main.TestCaseMain$startTestSuite$0.call(Unknown Source)
	at TempTestSuite1558580976607.run(TempTestSuite1558580976607.groovy:35)
Caused by: com.kms.katalon.core.webui.exception.WebElementNotFoundException: Web element with id: 'Object Repository/Page_New community/button_Skip this step' located by 'By.xpath: //main[@id='main']/div/div/div[3]/button[2]' not found
	at com.kms.katalon.core.webui.common.WebUiCommonHelper.findWebElement(WebUiCommonHelper.java:1097)
	at com.kms.katalon.core.webui.keyword.internal.WebUIAbstractKeyword.findWebElement(WebUIAbstractKeyword.groovy:27)
	at com.kms.katalon.core.webui.keyword.internal.WebUIAbstractKeyword.findWebElement(WebUIAbstractKeyword.groovy:26)
	at com.kms.katalon.core.webui.keyword.builtin.ClickKeyword$_click_closure1.doCall(ClickKeyword.groovy:77)
	at com.kms.katalon.core.webui.keyword.builtin.ClickKeyword$_click_closure1.call(ClickKeyword.groovy)
	at com.kms.katalon.core.webui.keyword.internal.WebUIKeywordMain.runKeyword(WebUIKeywordMain.groovy:20)
	at com.kms.katalon.core.webui.keyword.builtin.ClickKeyword.click(ClickKeyword.groovy:86)
	at com.kms.katalon.core.webui.keyword.builtin.ClickKeyword.execute(ClickKeyword.groovy:67)
	at com.kms.katalon.core.keyword.internal.KeywordExecutor.executeKeywordForPlatform(KeywordExecutor.groovy:56)
	at com.kms.katalon.core.webui.keyword.WebUiBuiltInKeywords.click(WebUiBuiltInKeywords.groovy:616)
	at com.kms.katalon.core.webui.keyword.WebUiBuiltInKeywords$click$1.call(Unknown Source)
	at Script1557850473974.run(Script1557850473974.groovy:47)
	... 13 more
"/>
         <system-out><![CDATA[2019-05-23 10:15:42 - [TEST_CASE][FAILED] - Test Cases/5 Test case using For/Create Chanel: Test Cases/5 Test case using For/Create Chanel FAILED.
Reason:
com.kms.katalon.core.exception.StepFailedException: Unable to click on object 'Object Repository/Page_New community/button_Skip this step'
	at com.kms.katalon.core.webui.keyword.internal.WebUIKeywordMain.stepFailed(WebUIKeywordMain.groovy:64)
	at com.kms.katalon.core.webui.keyword.internal.WebUIKeywordMain.runKeyword(WebUIKeywordMain.groovy:26)
	at com.kms.katalon.core.webui.keyword.builtin.ClickKeyword.click(ClickKeyword.groovy:86)
	at com.kms.katalon.core.webui.keyword.builtin.ClickKeyword.execute(ClickKeyword.groovy:67)
	at com.kms.katalon.core.keyword.internal.KeywordExecutor.executeKeywordForPlatform(KeywordExecutor.groovy:56)
	at com.kms.katalon.core.webui.keyword.WebUiBuiltInKeywords.click(WebUiBuiltInKeywords.groovy:616)
	at com.kms.katalon.core.webui.keyword.WebUiBuiltInKeywords$click$1.call(Unknown Source)
	at Create Chanel.run(Create Chanel:47)
	at com.kms.katalon.core.main.ScriptEngine.run(ScriptEngine.java:194)
	at com.kms.katalon.core.main.ScriptEngine.runScriptAsRawText(ScriptEngine.java:119)
	at com.kms.katalon.core.main.TestCaseExecutor.runScript(TestCaseExecutor.java:336)
	at com.kms.katalon.core.main.TestCaseExecutor.doExecute(TestCaseExecutor.java:327)
	at com.kms.katalon.core.main.TestCaseExecutor.processExecutionPhase(TestCaseExecutor.java:306)
	at com.kms.katalon.core.main.TestCaseExecutor.accessMainPhase(TestCaseExecutor.java:298)
	at com.kms.katalon.core.main.TestCaseExecutor.execute(TestCaseExecutor.java:232)
	at com.kms.katalon.core.main.TestSuiteExecutor.accessTestCaseMainPhase(TestSuiteExecutor.java:129)
	at com.kms.katalon.core.main.TestSuiteExecutor.accessTestSuiteMainPhase(TestSuiteExecutor.java:112)
	at com.kms.katalon.core.main.TestSuiteExecutor.execute(TestSuiteExecutor.java:81)
	at com.kms.katalon.core.main.TestCaseMain.startTestSuite(TestCaseMain.java:157)
	at com.kms.katalon.core.main.TestCaseMain$startTestSuite$0.call(Unknown Source)
	at TempTestSuite1558580976607.run(TempTestSuite1558580976607.groovy:35)
Caused by: com.kms.katalon.core.webui.exception.WebElementNotFoundException: Web element with id: 'Object Repository/Page_New community/button_Skip this step' located by 'By.xpath: //main[@id='main']/div/div/div[3]/button[2]' not found
	at com.kms.katalon.core.webui.common.WebUiCommonHelper.findWebElement(WebUiCommonHelper.java:1097)
	at com.kms.katalon.core.webui.keyword.internal.WebUIAbstractKeyword.findWebElement(WebUIAbstractKeyword.groovy:27)
	at com.kms.katalon.core.webui.keyword.internal.WebUIAbstractKeyword.findWebElement(WebUIAbstractKeyword.groovy:26)
	at com.kms.katalon.core.webui.keyword.builtin.ClickKeyword$_click_closure1.doCall(ClickKeyword.groovy:77)
	at com.kms.katalon.core.webui.keyword.builtin.ClickKeyword$_click_closure1.call(ClickKeyword.groovy)
	at com.kms.katalon.core.webui.keyword.internal.WebUIKeywordMain.runKeyword(WebUIKeywordMain.groovy:20)
	at com.kms.katalon.core.webui.keyword.builtin.ClickKeyword.click(ClickKeyword.groovy:86)
	at com.kms.katalon.core.webui.keyword.builtin.ClickKeyword.execute(ClickKeyword.groovy:67)
	at com.kms.katalon.core.keyword.internal.KeywordExecutor.executeKeywordForPlatform(KeywordExecutor.groovy:56)
	at com.kms.katalon.core.webui.keyword.WebUiBuiltInKeywords.click(WebUiBuiltInKeywords.groovy:616)
	at com.kms.katalon.core.webui.keyword.WebUiBuiltInKeywords$click$1.call(Unknown Source)
	at Script1557850473974.run(Script1557850473974.groovy:47)
	... 13 more


2019-05-23 10:15:43 - [TEST_STEP][PASSED] - openBrowser(""): Browser is opened with url: ''

2019-05-23 10:15:43 - [MESSAGE][WARNING] - A browser is already opened. Closing browser and opening a new one

2019-05-23 10:15:44 - [MESSAGE][INFO] - Starting 'Firefox' driver

2019-05-23 10:15:50 - [MESSAGE][PASSED] - Browser is opened with url: ''

2019-05-23 10:15:50 - [TEST_STEP][PASSED] - navigateToUrl("http://localhost:3000/"): Navigate to 'http://localhost:3000/' successfully

2019-05-23 10:15:52 - [MESSAGE][PASSED] - Navigate to 'http://localhost:3000/' successfully

2019-05-23 10:15:52 - [TEST_STEP][PASSED] - click(findTestObject("Page_Spectrum/button_Log in or sign up")): Object: 'Object Repository/Page_Spectrum/button_Log in or sign up' is clicked on

2019-05-23 10:15:54 - [MESSAGE][PASSED] - Object: 'Object Repository/Page_Spectrum/button_Log in or sign up' is clicked on

2019-05-23 10:15:54 - [TEST_STEP][PASSED] - click(findTestObject("Page_Spectrum/span_Sign in with GitHub")): Object: 'Object Repository/Page_Spectrum/span_Sign in with GitHub' is clicked on

2019-05-23 10:15:56 - [MESSAGE][PASSED] - Object: 'Object Repository/Page_Spectrum/span_Sign in with GitHub' is clicked on

2019-05-23 10:15:56 - [TEST_STEP][PASSED] - setText(findTestObject("Page_Sign in to GitHub  GitHub/input_Username or email address_login"), "minhcuongit"): Text 'minhcuongit' is set on object 'Object Repository/Page_Sign in to GitHub  GitHub/input_Username or email address_login'

2019-05-23 10:15:56 - [MESSAGE][PASSED] - Text 'minhcuongit' is set on object 'Object Repository/Page_Sign in to GitHub  GitHub/input_Username or email address_login'

2019-05-23 10:15:56 - [TEST_STEP][PASSED] - setEncryptedText(findTestObject("Page_Sign in to GitHub  GitHub/input_Forgot password_password"), "9e5/e4jZbrkRPxL/am/6uYGu2iBUrIMS"): Text ****** has been set on object 'Object Repository/Page_Sign in to GitHub  GitHub/input_Forgot password_password'

2019-05-23 10:15:56 - [MESSAGE][PASSED] - Text ****** has been set on object 'Object Repository/Page_Sign in to GitHub  GitHub/input_Forgot password_password'

2019-05-23 10:15:56 - [TEST_STEP][PASSED] - click(findTestObject("Page_Sign in to GitHub  GitHub/input_Forgot password_commit")): Object: 'Object Repository/Page_Sign in to GitHub  GitHub/input_Forgot password_commit' is clicked on

2019-05-23 10:16:01 - [MESSAGE][PASSED] - Object: 'Object Repository/Page_Sign in to GitHub  GitHub/input_Forgot password_commit' is clicked on

2019-05-23 10:16:01 - [TEST_STEP][PASSED] - click(findTestObject("Page_Spectrum community/img_Explore_style__Img-u3znqr-3 kJsvJN")): Object: 'Object Repository/Page_Spectrum community/img_Explore_style__Img-u3znqr-3 kJsvJN' is clicked on

2019-05-23 10:16:05 - [MESSAGE][PASSED] - Object: 'Object Repository/Page_Spectrum community/img_Explore_style__Img-u3znqr-3 kJsvJN' is clicked on

2019-05-23 10:16:05 - [TEST_STEP][PASSED] - navigateToUrl("http://localhost:3000/new/community"): Navigate to 'http://localhost:3000/new/community' successfully

2019-05-23 10:16:07 - [MESSAGE][PASSED] - Navigate to 'http://localhost:3000/new/community' successfully

2019-05-23 10:16:07 - [TEST_STEP][PASSED] - setText(findTestObject("Page_New community/input_What is your community called_style__StyledInput-sc-17zryot-2 jHXlSy"), "abc"): Text 'abc' is set on object 'Object Repository/Page_New community/input_What is your community called_style__StyledInput-sc-17zryot-2 jHXlSy'

2019-05-23 10:16:08 - [MESSAGE][PASSED] - Text 'abc' is set on object 'Object Repository/Page_New community/input_What is your community called_style__StyledInput-sc-17zryot-2 jHXlSy'

2019-05-23 10:16:08 - [TEST_STEP][PASSED] - setText(findTestObject("Page_New community/textarea_dd"), "abc"): Text 'abc' is set on object 'Object Repository/Page_New community/textarea_dd'

2019-05-23 10:16:09 - [MESSAGE][PASSED] - Text 'abc' is set on object 'Object Repository/Page_New community/textarea_dd'

2019-05-23 10:16:09 - [TEST_STEP][PASSED] - setText(findTestObject("Page_New community/input_Optional Add your communitys website_style__StyledInput-sc-17zryot-2 jHXlSy"), "abc"): Text 'abc' is set on object 'Object Repository/Page_New community/input_Optional Add your communitys website_style__StyledInput-sc-17zryot-2 jHXlSy'

2019-05-23 10:16:09 - [MESSAGE][PASSED] - Text 'abc' is set on object 'Object Repository/Page_New community/input_Optional Add your communitys website_style__StyledInput-sc-17zryot-2 jHXlSy'

2019-05-23 10:16:09 - [TEST_STEP][PASSED] - click(findTestObject("Page_New community/div_checkboxI have read the Spectrum Code of Conduct and agree to enforce it in my community")): Object: 'Object Repository/Page_New community/div_checkboxI have read the Spectrum Code of Conduct and agree to enforce it in my community' is clicked on

2019-05-23 10:16:09 - [MESSAGE][PASSED] - Object: 'Object Repository/Page_New community/div_checkboxI have read the Spectrum Code of Conduct and agree to enforce it in my community' is clicked on

2019-05-23 10:16:09 - [TEST_STEP][PASSED] - click(findTestObject("Page_New community/button_Create Community  Continue")): Object: 'Object Repository/Page_New community/button_Create Community  Continue' is clicked on

2019-05-23 10:16:10 - [MESSAGE][PASSED] - Object: 'Object Repository/Page_New community/button_Create Community  Continue' is clicked on

2019-05-23 10:16:10 - [TEST_STEP][FAILED] - click(findTestObject("Page_New community/button_Skip this step")): Unable to click on object 'Object Repository/Page_New community/button_Skip this step' (Root cause: com.kms.katalon.core.exception.StepFailedException: Unable to click on object 'Object Repository/Page_New community/button_Skip this step'
	at com.kms.katalon.core.webui.keyword.internal.WebUIKeywordMain.stepFailed(WebUIKeywordMain.groovy:64)
	at com.kms.katalon.core.webui.keyword.internal.WebUIKeywordMain.runKeyword(WebUIKeywordMain.groovy:26)
	at com.kms.katalon.core.webui.keyword.builtin.ClickKeyword.click(ClickKeyword.groovy:86)
	at com.kms.katalon.core.webui.keyword.builtin.ClickKeyword.execute(ClickKeyword.groovy:67)
	at com.kms.katalon.core.keyword.internal.KeywordExecutor.executeKeywordForPlatform(KeywordExecutor.groovy:56)
	at com.kms.katalon.core.webui.keyword.WebUiBuiltInKeywords.click(WebUiBuiltInKeywords.groovy:616)
	at com.kms.katalon.core.webui.keyword.WebUiBuiltInKeywords$click$1.call(Unknown Source)
	at Create Chanel.run(Create Chanel:47)
	at com.kms.katalon.core.main.ScriptEngine.run(ScriptEngine.java:194)
	at com.kms.katalon.core.main.ScriptEngine.runScriptAsRawText(ScriptEngine.java:119)
	at com.kms.katalon.core.main.TestCaseExecutor.runScript(TestCaseExecutor.java:336)
	at com.kms.katalon.core.main.TestCaseExecutor.doExecute(TestCaseExecutor.java:327)
	at com.kms.katalon.core.main.TestCaseExecutor.processExecutionPhase(TestCaseExecutor.java:306)
	at com.kms.katalon.core.main.TestCaseExecutor.accessMainPhase(TestCaseExecutor.java:298)
	at com.kms.katalon.core.main.TestCaseExecutor.execute(TestCaseExecutor.java:232)
	at com.kms.katalon.core.main.TestSuiteExecutor.accessTestCaseMainPhase(TestSuiteExecutor.java:129)
	at com.kms.katalon.core.main.TestSuiteExecutor.accessTestSuiteMainPhase(TestSuiteExecutor.java:112)
	at com.kms.katalon.core.main.TestSuiteExecutor.execute(TestSuiteExecutor.java:81)
	at com.kms.katalon.core.main.TestCaseMain.startTestSuite(TestCaseMain.java:157)
	at com.kms.katalon.core.main.TestCaseMain$startTestSuite$0.call(Unknown Source)
	at TempTestSuite1558580976607.run(TempTestSuite1558580976607.groovy:35)
Caused by: com.kms.katalon.core.webui.exception.WebElementNotFoundException: Web element with id: 'Object Repository/Page_New community/button_Skip this step' located by 'By.xpath: //main[@id='main']/div/div/div[3]/button[2]' not found
	at com.kms.katalon.core.webui.common.WebUiCommonHelper.findWebElement(WebUiCommonHelper.java:1097)
	at com.kms.katalon.core.webui.keyword.internal.WebUIAbstractKeyword.findWebElement(WebUIAbstractKeyword.groovy:27)
	at com.kms.katalon.core.webui.keyword.internal.WebUIAbstractKeyword.findWebElement(WebUIAbstractKeyword.groovy:26)
	at com.kms.katalon.core.webui.keyword.builtin.ClickKeyword$_click_closure1.doCall(ClickKeyword.groovy:77)
[...]

2019-05-23 10:56:04 - [TEST_STEP][FAILED] - selectOptionByValue(findTestObject("Object Repository/Page_abc community/chon_channel_cuong"), "1815d581-d824-4937-830d-d0c746093540", true): Unable to select option by value '1815d581-d824-4937-830d-d0c746093540' of object 'Object Repository/Page_abc community/chon_channel_cuong'  using regular expression (Root cause: com.kms.katalon.core.exception.StepFailedException: Unable to select option by value '1815d581-d824-4937-830d-d0c746093540' of object 'Object Repository/Page_abc community/chon_channel_cuong'  using regular expression
	at com.kms.katalon.core.webui.keyword.internal.WebUIKeywordMain.stepFailed(WebUIKeywordMain.groovy:64)
	at com.kms.katalon.core.webui.keyword.internal.WebUIKeywordMain.runKeyword(WebUIKeywordMain.groovy:26)
	at com.kms.katalon.core.webui.keyword.builtin.SelectOptionByValueKeyword.selectOptionByValue(SelectOptionByValueKeyword.groovy:99)
	at com.kms.katalon.core.webui.keyword.builtin.SelectOptionByValueKeyword.execute(SelectOptionByValueKeyword.groovy:71)
	at com.kms.katalon.core.keyword.internal.KeywordExecutor.executeKeywordForPlatform(KeywordExecutor.groovy:56)
	at com.kms.katalon.core.webui.keyword.WebUiBuiltInKeywords.selectOptionByValue(WebUiBuiltInKeywords.groovy:1138)
	at com.kms.katalon.core.webui.keyword.WebUiBuiltInKeywords$selectOptionByValue$7.call(Unknown Source)
	at Up Posts use Internal Data.run(Up Posts use Internal Data:38)
	at com.kms.katalon.core.main.ScriptEngine.run(ScriptEngine.java:194)
	at com.kms.katalon.core.main.ScriptEngine.runScriptAsRawText(ScriptEngine.java:119)
	at com.kms.katalon.core.main.TestCaseExecutor.runScript(TestCaseExecutor.java:336)
	at com.kms.katalon.core.main.TestCaseExecutor.doExecute(TestCaseExecutor.java:327)
	at com.kms.katalon.core.main.TestCaseExecutor.processExecutionPhase(TestCaseExecutor.java:306)
	at com.kms.katalon.core.main.TestCaseExecutor.accessMainPhase(TestCaseExecutor.java:298)
	at com.kms.katalon.core.main.TestCaseExecutor.execute(TestCaseExecutor.java:232)
	at com.kms.katalon.core.main.TestSuiteExecutor.accessTestCaseMainPhase(TestSuiteExecutor.java:129)
	at com.kms.katalon.core.main.TestSuiteExecutor.accessTestSuiteMainPhase(TestSuiteExecutor.java:112)
	at com.kms.katalon.core.main.TestSuiteExecutor.execute(TestSuiteExecutor.java:81)
	at com.kms.katalon.core.main.TestCaseMain.startTestSuite(TestCaseMain.java:157)
	at com.kms.katalon.core.main.TestCaseMain$startTestSuite$0.call(Unknown Source)
	at TempTestSuite1558580976607.run(TempTestSuite1558580976607.groovy:35)
Caused by: com.kms.katalon.core.webui.exception.WebElementNotFoundException: Web element with id: 'Object Repository/Page_abc community/chon_channel_cuong' located by 'By.xpath: //select[@id='3f2e58e3-9735-45f6-a76e-7e6e204f22fb']' not found
	at com.kms.katalon.core.webui.common.WebUiCommonHelper.findWebElement(WebUiCommonHelper.java:1097)
	at com.kms.katalon.core.webui.keyword.internal.WebUIAbstractKeyword.findWebElement(WebUIAbstractKeyword.groovy:27)
	at com.kms.katalon.core.webui.keyword.internal.WebUIAbstractKeyword.findWebElement(WebUIAbstractKeyword.groovy:26)
	at com.kms.katalon.core.webui.keyword.builtin.SelectOptionByValueKeyword$_selectOptionByValue_closure1.doCall(SelectOptionByValueKeyword.groovy:86)
	at com.kms.katalon.core.webui.keyword.builtin.SelectOptionByValueKeyword$_selectOptionByValue_closure1.call(SelectOptionByValueKeyword.groovy)
	at com.kms.katalon.core.webui.keyword.internal.WebUIKeywordMain.runKeyword(WebUIKeywordMain.groovy:20)
	at com.kms.katalon.core.webui.keyword.builtin.SelectOptionByValueKeyword.selectOptionByValue(SelectOptionByValueKeyword.groovy:99)
	at com.kms.katalon.core.webui.keyword.builtin.SelectOptionByValueKeyword.execute(SelectOptionByValueKeyword.groovy:71)
	at com.kms.katalon.core.keyword.internal.KeywordExecutor.executeKeywordForPlatform(KeywordExecutor.groovy:56)
	at com.kms.katalon.core.webui.keyword.WebUiBuiltInKeywords.selectOptionByValue(WebUiBuiltInKeywords.groovy:1138)
	at com.kms.katalon.core.webui.keyword.WebUiBuiltInKeywords$selectOptionByValue$7.call(Unknown Source)
	at Script1558572291261.run(Script1558572291261.groovy:38)
	... 13 more
)

2019-05-23 10:56:35 - [MESSAGE][INFO] - Unable to find the element located by 'By.xpath: //select[@id='3f2e58e3-9735-45f6-a76e-7e6e204f22fb']'. Please recheck the objects properties to make sure the desired element is located. 

2019-05-23 10:56:35 - [MESSAGE][FAILED] - Unable to select option by value '1815d581-d824-4937-830d-d0c746093540' of object 'Object Repository/Page_abc community/chon_channel_cuong'  using regular expression (Root cause: com.kms.katalon.core.exception.StepFailedException: Unable to select option by value '1815d581-d824-4937-830d-d0c746093540' of object 'Object Repository/Page_abc community/chon_channel_cuong'  using regular expression
	at com.kms.katalon.core.webui.keyword.internal.WebUIKeywordMain.stepFailed(WebUIKeywordMain.groovy:64)
	at com.kms.katalon.core.webui.keyword.internal.WebUIKeywordMain.runKeyword(WebUIKeywordMain.groovy:26)
	at com.kms.katalon.core.webui.keyword.builtin.SelectOptionByValueKeyword.selectOptionByValue(SelectOptionByValueKeyword.groovy:99)
	at com.kms.katalon.core.webui.keyword.builtin.SelectOptionByValueKeyword.execute(SelectOptionByValueKeyword.groovy:71)
	at com.kms.katalon.core.keyword.internal.KeywordExecutor.executeKeywordForPlatform(KeywordExecutor.groovy:56)
	at com.kms.katalon.core.webui.keyword.WebUiBuiltInKeywords.selectOptionByValue(WebUiBuiltInKeywords.groovy:1138)
	at com.kms.katalon.core.webui.keyword.WebUiBuiltInKeywords$selectOptionByValue$7.call(Unknown Source)
	at Up Posts use Internal Data.run(Up Posts use Internal Data:38)
	at com.kms.katalon.core.main.ScriptEngine.run(ScriptEngine.java:194)
	at com.kms.katalon.core.main.ScriptEngine.runScriptAsRawText(ScriptEngine.java:119)
	at com.kms.katalon.core.main.TestCaseExecutor.runScript(TestCaseExecutor.java:336)
	at com.kms.katalon.core.main.TestCaseExecutor.doExecute(TestCaseExecutor.java:327)
	at com.kms.katalon.core.main.TestCaseExecutor.processExecutionPhase(TestCaseExecutor.java:306)
	at com.kms.katalon.core.main.TestCaseExecutor.accessMainPhase(TestCaseExecutor.java:298)
	at com.kms.katalon.core.main.TestCaseExecutor.execute(TestCaseExecutor.java:232)
	at com.kms.katalon.core.main.TestSuiteExecutor.accessTestCaseMainPhase(TestSuiteExecutor.java:129)
	at com.kms.katalon.core.main.TestSuiteExecutor.accessTestSuiteMainPhase(TestSuiteExecutor.java:112)
	at com.kms.katalon.core.main.TestSuiteExecutor.execute(TestSuiteExecutor.java:81)
	at com.kms.katalon.core.main.TestCaseMain.startTestSuite(TestCaseMain.java:157)
	at com.kms.katalon.core.main.TestCaseMain$startTestSuite$0.call(Unknown Source)
	at TempTestSuite1558580976607.run(TempTestSuite1558580976607.groovy:35)
Caused by: com.kms.katalon.core.webui.exception.WebElementNotFoundException: Web element with id: 'Object Repository/Page_abc community/chon_channel_cuong' located by 'By.xpath: //select[@id='3f2e58e3-9735-45f6-a76e-7e6e204f22fb']' not found
	at com.kms.katalon.core.webui.common.WebUiCommonHelper.findWebElement(WebUiCommonHelper.java:1097)
	at com.kms.katalon.core.webui.keyword.internal.WebUIAbstractKeyword.findWebElement(WebUIAbstractKeyword.groovy:27)
	at com.kms.katalon.core.webui.keyword.internal.WebUIAbstractKeyword.findWebElement(WebUIAbstractKeyword.groovy:26)
	at com.kms.katalon.core.webui.keyword.builtin.SelectOptionByValueKeyword$_selectOptionByValue_closure1.doCall(SelectOptionByValueKeyword.groovy:86)
	at com.kms.katalon.core.webui.keyword.builtin.SelectOptionByValueKeyword$_selectOptionByValue_closure1.call(SelectOptionByValueKeyword.groovy)
	at com.kms.katalon.core.webui.keyword.internal.WebUIKeywordMain.runKeyword(WebUIKeywordMain.groovy:20)
	at com.kms.katalon.core.webui.keyword.builtin.SelectOptionByValueKeyword.selectOptionByValue(SelectOptionByValueKeyword.groovy:99)
	at com.kms.katalon.core.webui.keyword.builtin.SelectOptionByValueKeyword.execute(SelectOptionByValueKeyword.groovy:71)
	at com.kms.katalon.core.keyword.internal.KeywordExecutor.executeKeywordForPlatform(KeywordExecutor.groovy:56)
	at com.kms.katalon.core.webui.keyword.WebUiBuiltInKeywords.selectOptionByValue(WebUiBuiltInKeywords.groovy:1138)
	at com.kms.katalon.core.webui.keyword.WebUiBuiltInKeywords$selectOptionByValue$7.call(Unknown Source)
	at Script1558572291261.run(Script1558572291261.groovy:38)
	... 13 more
)
[[ATTACHMENT|D:\\HCMUS DATA\\Tern2-4th\\CCDNCTPTPM\\BT\\HW2\\Project\\TED_Team-Test_Project\\TED_Team-Test_Project\\Reports\\Run all test cases\\20190523_100936\\1558583795290.png]]]]></system-out>
         <system-err><![CDATA[2019-05-23 10:55:42 - [TEST_CASE][FAILED] - Test Cases/20 Data-driven test case/Up Posts use Internal Data: Test Cases/20 Data-driven test case/Up Posts use Internal Data FAILED.
Reason:
com.kms.katalon.core.exception.StepFailedException: Unable to select option by value '1815d581-d824-4937-830d-d0c746093540' of object 'Object Repository/Page_abc community/chon_channel_cuong'  using regular expression
	at com.kms.katalon.core.webui.keyword.internal.WebUIKeywordMain.stepFailed(WebUIKeywordMain.groovy:64)
	at com.kms.katalon.core.webui.keyword.internal.WebUIKeywordMain.runKeyword(WebUIKeywordMain.groovy:26)
	at com.kms.katalon.core.webui.keyword.builtin.SelectOptionByValueKeyword.selectOptionByValue(SelectOptionByValueKeyword.groovy:99)
	at com.kms.katalon.core.webui.keyword.builtin.SelectOptionByValueKeyword.execute(SelectOptionByValueKeyword.groovy:71)
	at com.kms.katalon.core.keyword.internal.KeywordExecutor.executeKeywordForPlatform(KeywordExecutor.groovy:56)
	at com.kms.katalon.core.webui.keyword.WebUiBuiltInKeywords.selectOptionByValue(WebUiBuiltInKeywords.groovy:1138)
	at com.kms.katalon.core.webui.keyword.WebUiBuiltInKeywords$selectOptionByValue$7.call(Unknown Source)
	at Up Posts use Internal Data.run(Up Posts use Internal Data:38)
	at com.kms.katalon.core.main.ScriptEngine.run(ScriptEngine.java:194)
	at com.kms.katalon.core.main.ScriptEngine.runScriptAsRawText(ScriptEngine.java:119)
	at com.kms.katalon.core.main.TestCaseExecutor.runScript(TestCaseExecutor.java:336)
	at com.kms.katalon.core.main.TestCaseExecutor.doExecute(TestCaseExecutor.java:327)
	at com.kms.katalon.core.main.TestCaseExecutor.processExecutionPhase(TestCaseExecutor.java:306)
	at com.kms.katalon.core.main.TestCaseExecutor.accessMainPhase(TestCaseExecutor.java:298)
	at com.kms.katalon.core.main.TestCaseExecutor.execute(TestCaseExecutor.java:232)
	at com.kms.katalon.core.main.TestSuiteExecutor.accessTestCaseMainPhase(TestSuiteExecutor.java:129)
	at com.kms.katalon.core.main.TestSuiteExecutor.accessTestSuiteMainPhase(TestSuiteExecutor.java:112)
	at com.kms.katalon.core.main.TestSuiteExecutor.execute(TestSuiteExecutor.java:81)
	at com.kms.katalon.core.main.TestCaseMain.startTestSuite(TestCaseMain.java:157)
	at com.kms.katalon.core.main.TestCaseMain$startTestSuite$0.call(Unknown Source)
	at TempTestSuite1558580976607.run(TempTestSuite1558580976607.groovy:35)
Caused by: com.kms.katalon.core.webui.exception.WebElementNotFoundException: Web element with id: 'Object Repository/Page_abc community/chon_channel_cuong' located by 'By.xpath: //select[@id='3f2e58e3-9735-45f6-a76e-7e6e204f22fb']' not found
	at com.kms.katalon.core.webui.common.WebUiCommonHelper.findWebElement(WebUiCommonHelper.java:1097)
	at com.kms.katalon.core.webui.keyword.internal.WebUIAbstractKeyword.findWebElement(WebUIAbstractKeyword.groovy:27)
	at com.kms.katalon.core.webui.keyword.internal.WebUIAbstractKeyword.findWebElement(WebUIAbstractKeyword.groovy:26)
	at com.kms.katalon.core.webui.keyword.builtin.SelectOptionByValueKeyword$_selectOptionByValue_closure1.doCall(SelectOptionByValueKeyword.groovy:86)
	at com.kms.katalon.core.webui.keyword.builtin.SelectOptionByValueKeyword$_selectOptionByValue_closure1.call(SelectOptionByValueKeyword.groovy)
	at com.kms.katalon.core.webui.keyword.internal.WebUIKeywordMain.runKeyword(WebUIKeywordMain.groovy:20)
	at com.kms.katalon.core.webui.keyword.builtin.SelectOptionByValueKeyword.selectOptionByValue(SelectOptionByValueKeyword.groovy:99)
	at com.kms.katalon.core.webui.keyword.builtin.SelectOptionByValueKeyword.execute(SelectOptionByValueKeyword.groovy:71)
	at com.kms.katalon.core.keyword.internal.KeywordExecutor.executeKeywordForPlatform(KeywordExecutor.groovy:56)
	at com.kms.katalon.core.webui.keyword.WebUiBuiltInKeywords.selectOptionByValue(WebUiBuiltInKeywords.groovy:1138)
	at com.kms.katalon.core.webui.keyword.WebUiBuiltInKeywords$selectOptionByValue$7.call(Unknown Source)
	at Script1558572291261.run(Script1558572291261.groovy:38)
	... 13 more]]></system-err>
      </testcase>
      <system-out><![CDATA[2019-05-23 10:09:39 - [TEST_SUITE][FAILED] - Run all test cases: Test Cases/5 Test case using For/Create Chanel FAILED.
Reason:
com.kms.katalon.core.exception.StepFailedException: Unable to click on object 'Object Repository/Page_New community/button_Skip this step'
	at com.kms.katalon.core.webui.keyword.internal.WebUIKeywordMain.stepFailed(WebUIKeywordMain.groovy:64)
	at com.kms.katalon.core.webui.keyword.internal.WebUIKeywordMain.runKeyword(WebUIKeywordMain.groovy:26)
	at com.kms.katalon.core.webui.keyword.builtin.ClickKeyword.click(ClickKeyword.groovy:86)
	at com.kms.katalon.core.webui.keyword.builtin.ClickKeyword.execute(ClickKeyword.groovy:67)
	at com.kms.katalon.core.keyword.internal.KeywordExecutor.executeKeywordForPlatform(KeywordExecutor.groovy:56)
	at com.kms.katalon.core.webui.keyword.WebUiBuiltInKeywords.click(WebUiBuiltInKeywords.groovy:616)
	at com.kms.katalon.core.webui.keyword.WebUiBuiltInKeywords$click$1.call(Unknown Source)
	at Create Chanel.run(Create Chanel:47)
	at com.kms.katalon.core.main.ScriptEngine.run(ScriptEngine.java:194)
	at com.kms.katalon.core.main.ScriptEngine.runScriptAsRawText(ScriptEngine.java:119)
	at com.kms.katalon.core.main.TestCaseExecutor.runScript(TestCaseExecutor.java:336)
	at com.kms.katalon.core.main.TestCaseExecutor.doExecute(TestCaseExecutor.java:327)
	at com.kms.katalon.core.main.TestCaseExecutor.processExecutionPhase(TestCaseExecutor.java:306)
	at com.kms.katalon.core.main.TestCaseExecutor.accessMainPhase(TestCaseExecutor.java:298)
	at com.kms.katalon.core.main.TestCaseExecutor.execute(TestCaseExecutor.java:232)
	at com.kms.katalon.core.main.TestSuiteExecutor.accessTestCaseMainPhase(TestSuiteExecutor.java:129)
	at com.kms.katalon.core.main.TestSuiteExecutor.accessTestSuiteMainPhase(TestSuiteExecutor.java:112)
	at com.kms.katalon.core.main.TestSuiteExecutor.execute(TestSuiteExecutor.java:81)
	at com.kms.katalon.core.main.TestCaseMain.startTestSuite(TestCaseMain.java:157)
	at com.kms.katalon.core.main.TestCaseMain$startTestSuite$0.call(Unknown Source)
	at TempTestSuite1558580976607.run(TempTestSuite1558580976607.groovy:35)
Caused by: com.kms.katalon.core.webui.exception.WebElementNotFoundException: Web element with id: 'Object Repository/Page_New community/button_Skip this step' located by 'By.xpath: //main[@id='main']/div/div/div[3]/button[2]' not found
	at com.kms.katalon.core.webui.common.WebUiCommonHelper.findWebElement(WebUiCommonHelper.java:1097)
	at com.kms.katalon.core.webui.keyword.internal.WebUIAbstractKeyword.findWebElement(WebUIAbstractKeyword.groovy:27)
	at com.kms.katalon.core.webui.keyword.internal.WebUIAbstractKeyword.findWebElement(WebUIAbstractKeyword.groovy:26)
	at com.kms.katalon.core.webui.keyword.builtin.ClickKeyword$_click_closure1.doCall(ClickKeyword.groovy:77)
	at com.kms.katalon.core.webui.keyword.builtin.ClickKeyword$_click_closure1.call(ClickKeyword.groovy)
	at com.kms.katalon.core.webui.keyword.internal.WebUIKeywordMain.runKeyword(WebUIKeywordMain.groovy:20)
	at com.kms.katalon.core.webui.keyword.builtin.ClickKeyword.click(ClickKeyword.groovy:86)
	at com.kms.katalon.core.webui.keyword.builtin.ClickKeyword.execute(ClickKeyword.groovy:67)
	at com.kms.katalon.core.keyword.internal.KeywordExecutor.executeKeywordForPlatform(KeywordExecutor.groovy:56)
	at com.kms.katalon.core.webui.keyword.WebUiBuiltInKeywords.click(WebUiBuiltInKeywords.groovy:616)
	at com.kms.katalon.core.webui.keyword.WebUiBuiltInKeywords$click$1.call(Unknown Source)
	at Script1557850473974.run(Script1557850473974.groovy:47)
	... 13 more]]></system-out>
      <system-err><![CDATA[2019-05-23 10:09:39 - [TEST_SUITE][FAILED] - Run all test cases: Test Cases/5 Test case using For/Create Chanel FAILED.
Reason:
com.kms.katalon.core.exception.StepFailedException: Unable to click on object 'Object Repository/Page_New community/button_Skip this step'
	at com.kms.katalon.core.webui.keyword.internal.WebUIKeywordMain.stepFailed(WebUIKeywordMain.groovy:64)
	at com.kms.katalon.core.webui.keyword.internal.WebUIKeywordMain.runKeyword(WebUIKeywordMain.groovy:26)
	at com.kms.katalon.core.webui.keyword.builtin.ClickKeyword.click(ClickKeyword.groovy:86)
	at com.kms.katalon.core.webui.keyword.builtin.ClickKeyword.execute(ClickKeyword.groovy:67)
	at com.kms.katalon.core.keyword.internal.KeywordExecutor.executeKeywordForPlatform(KeywordExecutor.groovy:56)
	at com.kms.katalon.core.webui.keyword.WebUiBuiltInKeywords.click(WebUiBuiltInKeywords.groovy:616)
	at com.kms.katalon.core.webui.keyword.WebUiBuiltInKeywords$click$1.call(Unknown Source)
	at Create Chanel.run(Create Chanel:47)
	at com.kms.katalon.core.main.ScriptEngine.run(ScriptEngine.java:194)
	at com.kms.katalon.core.main.ScriptEngine.runScriptAsRawText(ScriptEngine.java:119)
	at com.kms.katalon.core.main.TestCaseExecutor.runScript(TestCaseExecutor.java:336)
	at com.kms.katalon.core.main.TestCaseExecutor.doExecute(TestCaseExecutor.java:327)
	at com.kms.katalon.core.main.TestCaseExecutor.processExecutionPhase(TestCaseExecutor.java:306)
	at com.kms.katalon.core.main.TestCaseExecutor.accessMainPhase(TestCaseExecutor.java:298)
	at com.kms.katalon.core.main.TestCaseExecutor.execute(TestCaseExecutor.java:232)
	at com.kms.katalon.core.main.TestSuiteExecutor.accessTestCaseMainPhase(TestSuiteExecutor.java:129)
	at com.kms.katalon.core.main.TestSuiteExecutor.accessTestSuiteMainPhase(TestSuiteExecutor.java:112)
	at com.kms.katalon.core.main.TestSuiteExecutor.execute(TestSuiteExecutor.java:81)
	at com.kms.katalon.core.main.TestCaseMain.startTestSuite(TestCaseMain.java:157)
	at com.kms.katalon.core.main.TestCaseMain$startTestSuite$0.call(Unknown Source)
	at TempTestSuite1558580976607.run(TempTestSuite1558580976607.groovy:35)
Caused by: com.kms.katalon.core.webui.exception.WebElementNotFoundException: Web element with id: 'Object Repository/Page_New community/button_Skip this step' located by 'By.xpath: //main[@id='main']/div/div/div[3]/button[2]' not found
	at com.kms.katalon.core.webui.common.WebUiCommonHelper.findWebElement(WebUiCommonHelper.java:1097)
	at com.kms.katalon.core.webui.keyword.internal.WebUIAbstractKeyword.findWebElement(WebUIAbstractKeyword.groovy:27)
	at com.kms.katalon.core.webui.keyword.internal.WebUIAbstractKeyword.findWebElement(WebUIAbstractKeyword.groovy:26)
	at com.kms.katalon.core.webui.keyword.builtin.ClickKeyword$_click_closure1.doCall(ClickKeyword.groovy:77)
	at com.kms.katalon.core.webui.keyword.builtin.ClickKeyword$_click_closure1.call(ClickKeyword.groovy)
	at com.kms.katalon.core.webui.keyword.internal.WebUIKeywordMain.runKeyword(WebUIKeywordMain.groovy:20)
	at com.kms.katalon.core.webui.keyword.builtin.ClickKeyword.click(ClickKeyword.groovy:86)
	at com.kms.katalon.core.webui.keyword.builtin.ClickKeyword.execute(ClickKeyword.groovy:67)
	at com.kms.katalon.core.keyword.internal.KeywordExecutor.executeKeywordForPlatform(KeywordExecutor.groovy:56)
	at com.kms.katalon.core.webui.keyword.WebUiBuiltInKeywords.click(WebUiBuiltInKeywords.groovy:616)
	at com.kms.katalon.core.webui.keyword.WebUiBuiltInKeywords$click$1.call(Unknown Source)
	at Script1557850473974.run(Script1557850473974.groovy:47)
	... 13 more]]></system-err>
   </testsuite>
</testsuites>
